{"/Users/user1000/gitprojects/escacs-platform/src/lib/photo-inspection/domain/entities/BMPDefect.ts": {"path":"/Users/user1000/gitprojects/escacs-platform/src/lib/photo-inspection/domain/entities/BMPDefect.ts","statementMap":{"0":{"start":{"line":51,"column":8},"end":{"line":51,"column":null}},"1":{"start":{"line":52,"column":8},"end":{"line":52,"column":null}},"2":{"start":{"line":53,"column":8},"end":{"line":53,"column":null}},"3":{"start":{"line":54,"column":8},"end":{"line":54,"column":null}},"4":{"start":{"line":55,"column":8},"end":{"line":55,"column":null}},"5":{"start":{"line":56,"column":8},"end":{"line":56,"column":null}},"6":{"start":{"line":57,"column":8},"end":{"line":57,"column":null}},"7":{"start":{"line":58,"column":8},"end":{"line":58,"column":null}},"8":{"start":{"line":62,"column":8},"end":{"line":64,"column":null}},"9":{"start":{"line":63,"column":12},"end":{"line":63,"column":null}},"10":{"start":{"line":65,"column":8},"end":{"line":65,"column":null}},"11":{"start":{"line":72,"column":8},"end":{"line":72,"column":null}},"12":{"start":{"line":79,"column":8},"end":{"line":79,"column":null}},"13":{"start":{"line":86,"column":53},"end":{"line":98,"column":null}},"14":{"start":{"line":99,"column":8},"end":{"line":99,"column":null}}},"fnMap":{"0":{"name":"(anonymous_0)","decl":{"start":{"line":50,"column":12},"end":{"line":50,"column":24}},"loc":{"start":{"line":50,"column":47},"end":{"line":59,"column":null}},"line":50},"1":{"name":"(anonymous_1)","decl":{"start":{"line":61,"column":11},"end":{"line":61,"column":18}},"loc":{"start":{"line":61,"column":52},"end":{"line":66,"column":null}},"line":61},"2":{"name":"(anonymous_2)","decl":{"start":{"line":71,"column":4},"end":{"line":71,"column":29}},"loc":{"start":{"line":71,"column":57},"end":{"line":73,"column":null}},"line":71},"3":{"name":"(anonymous_3)","decl":{"start":{"line":78,"column":4},"end":{"line":78,"column":39}},"loc":{"start":{"line":78,"column":39},"end":{"line":80,"column":null}},"line":78},"4":{"name":"(anonymous_4)","decl":{"start":{"line":85,"column":11},"end":{"line":85,"column":28}},"loc":{"start":{"line":85,"column":62},"end":{"line":100,"column":null}},"line":85}},"branchMap":{"0":{"loc":{"start":{"line":56,"column":27},"end":{"line":56,"column":null}},"type":"binary-expr","locations":[{"start":{"line":56,"column":27},"end":{"line":56,"column":48}},{"start":{"line":56,"column":48},"end":{"line":56,"column":null}}],"line":56},"1":{"loc":{"start":{"line":57,"column":33},"end":{"line":57,"column":null}},"type":"binary-expr","locations":[{"start":{"line":57,"column":33},"end":{"line":57,"column":60}},{"start":{"line":57,"column":60},"end":{"line":57,"column":null}}],"line":57},"2":{"loc":{"start":{"line":62,"column":8},"end":{"line":64,"column":null}},"type":"if","locations":[{"start":{"line":62,"column":8},"end":{"line":64,"column":null}},{"start":{},"end":{}}],"line":62},"3":{"loc":{"start":{"line":62,"column":12},"end":{"line":62,"column":58}},"type":"binary-expr","locations":[{"start":{"line":62,"column":12},"end":{"line":62,"column":36}},{"start":{"line":62,"column":36},"end":{"line":62,"column":58}}],"line":62},"4":{"loc":{"start":{"line":79,"column":15},"end":{"line":79,"column":null}},"type":"binary-expr","locations":[{"start":{"line":79,"column":15},"end":{"line":79,"column":47}},{"start":{"line":79,"column":47},"end":{"line":79,"column":null}}],"line":79}},"s":{"0":12,"1":12,"2":12,"3":12,"4":12,"5":12,"6":12,"7":12,"8":14,"9":2,"10":12,"11":2,"12":3,"13":8,"14":8},"f":{"0":12,"1":2,"2":2,"3":3,"4":2},"b":{"0":[12,0],"1":[12,6],"2":[2,12],"3":[14,13],"4":[3,2]},"meta":{"lastBranch":5,"lastFunction":5,"lastStatement":15,"seen":{"f:50:12:50:24":0,"s:51:8:51:Infinity":0,"s:52:8:52:Infinity":1,"s:53:8:53:Infinity":2,"s:54:8:54:Infinity":3,"s:55:8:55:Infinity":4,"s:56:8:56:Infinity":5,"b:56:27:56:48:56:48:56:Infinity":0,"s:57:8:57:Infinity":6,"b:57:33:57:60:57:60:57:Infinity":1,"s:58:8:58:Infinity":7,"f:61:11:61:18":1,"b:62:8:64:Infinity:undefined:undefined:undefined:undefined":2,"s:62:8:64:Infinity":8,"b:62:12:62:36:62:36:62:58":3,"s:63:12:63:Infinity":9,"s:65:8:65:Infinity":10,"f:71:4:71:29":2,"s:72:8:72:Infinity":11,"f:78:4:78:39":3,"s:79:8:79:Infinity":12,"b:79:15:79:47:79:47:79:Infinity":4,"f:85:11:85:28":4,"s:86:53:98:Infinity":13,"s:99:8:99:Infinity":14}}}
,"/Users/user1000/gitprojects/escacs-platform/src/lib/photo-inspection/domain/entities/InspectionPhoto.ts": {"path":"/Users/user1000/gitprojects/escacs-platform/src/lib/photo-inspection/domain/entities/InspectionPhoto.ts","statementMap":{"0":{"start":{"line":38,"column":8},"end":{"line":38,"column":null}},"1":{"start":{"line":39,"column":8},"end":{"line":39,"column":null}},"2":{"start":{"line":40,"column":8},"end":{"line":40,"column":null}},"3":{"start":{"line":41,"column":8},"end":{"line":41,"column":null}},"4":{"start":{"line":42,"column":8},"end":{"line":42,"column":null}},"5":{"start":{"line":43,"column":8},"end":{"line":43,"column":null}},"6":{"start":{"line":44,"column":8},"end":{"line":44,"column":null}},"7":{"start":{"line":45,"column":8},"end":{"line":45,"column":null}},"8":{"start":{"line":46,"column":8},"end":{"line":46,"column":null}},"9":{"start":{"line":50,"column":8},"end":{"line":52,"column":null}},"10":{"start":{"line":51,"column":12},"end":{"line":51,"column":null}},"11":{"start":{"line":53,"column":8},"end":{"line":57,"column":null}},"12":{"start":{"line":54,"column":12},"end":{"line":56,"column":null}},"13":{"start":{"line":58,"column":8},"end":{"line":58,"column":null}},"14":{"start":{"line":62,"column":8},"end":{"line":62,"column":null}},"15":{"start":{"line":66,"column":8},"end":{"line":66,"column":null}},"16":{"start":{"line":73,"column":8},"end":{"line":73,"column":null}},"17":{"start":{"line":80,"column":8},"end":{"line":80,"column":null}},"18":{"start":{"line":81,"column":8},"end":{"line":81,"column":null}},"19":{"start":{"line":88,"column":8},"end":{"line":88,"column":null}},"20":{"start":{"line":95,"column":8},"end":{"line":95,"column":null}},"21":{"start":{"line":102,"column":8},"end":{"line":103,"column":null}},"22":{"start":{"line":110,"column":8},"end":{"line":110,"column":null}},"23":{"start":{"line":117,"column":8},"end":{"line":117,"column":null}},"24":{"start":{"line":118,"column":8},"end":{"line":120,"column":null}},"25":{"start":{"line":119,"column":12},"end":{"line":119,"column":null}}},"fnMap":{"0":{"name":"(anonymous_0)","decl":{"start":{"line":37,"column":12},"end":{"line":37,"column":24}},"loc":{"start":{"line":37,"column":53},"end":{"line":47,"column":null}},"line":37},"1":{"name":"(anonymous_1)","decl":{"start":{"line":49,"column":11},"end":{"line":49,"column":18}},"loc":{"start":{"line":49,"column":64},"end":{"line":59,"column":null}},"line":49},"2":{"name":"(anonymous_2)","decl":{"start":{"line":61,"column":8},"end":{"line":61,"column":34}},"loc":{"start":{"line":61,"column":34},"end":{"line":63,"column":null}},"line":61},"3":{"name":"(anonymous_3)","decl":{"start":{"line":65,"column":8},"end":{"line":65,"column":65}},"loc":{"start":{"line":65,"column":65},"end":{"line":67,"column":null}},"line":65},"4":{"name":"(anonymous_4)","decl":{"start":{"line":72,"column":4},"end":{"line":72,"column":26}},"loc":{"start":{"line":72,"column":26},"end":{"line":74,"column":null}},"line":72},"5":{"name":"(anonymous_5)","decl":{"start":{"line":79,"column":4},"end":{"line":79,"column":29}},"loc":{"start":{"line":79,"column":29},"end":{"line":82,"column":null}},"line":79},"6":{"name":"(anonymous_6)","decl":{"start":{"line":87,"column":4},"end":{"line":87,"column":25}},"loc":{"start":{"line":87,"column":25},"end":{"line":89,"column":null}},"line":87},"7":{"name":"(anonymous_7)","decl":{"start":{"line":94,"column":4},"end":{"line":94,"column":33}},"loc":{"start":{"line":94,"column":33},"end":{"line":96,"column":null}},"line":94},"8":{"name":"(anonymous_8)","decl":{"start":{"line":101,"column":4},"end":{"line":101,"column":18}},"loc":{"start":{"line":101,"column":50},"end":{"line":104,"column":null}},"line":101},"9":{"name":"(anonymous_9)","decl":{"start":{"line":109,"column":4},"end":{"line":109,"column":19}},"loc":{"start":{"line":109,"column":51},"end":{"line":111,"column":null}},"line":109},"10":{"name":"(anonymous_10)","decl":{"start":{"line":116,"column":4},"end":{"line":116,"column":25}},"loc":{"start":{"line":116,"column":79},"end":{"line":121,"column":null}},"line":116}},"branchMap":{"0":{"loc":{"start":{"line":43,"column":30},"end":{"line":43,"column":null}},"type":"binary-expr","locations":[{"start":{"line":43,"column":30},"end":{"line":43,"column":54}},{"start":{"line":43,"column":54},"end":{"line":43,"column":null}}],"line":43},"1":{"loc":{"start":{"line":44,"column":24},"end":{"line":44,"column":null}},"type":"binary-expr","locations":[{"start":{"line":44,"column":24},"end":{"line":44,"column":42}},{"start":{"line":44,"column":42},"end":{"line":44,"column":null}}],"line":44},"2":{"loc":{"start":{"line":45,"column":27},"end":{"line":45,"column":null}},"type":"binary-expr","locations":[{"start":{"line":45,"column":27},"end":{"line":45,"column":47}},{"start":{"line":45,"column":47},"end":{"line":45,"column":null}}],"line":45},"3":{"loc":{"start":{"line":50,"column":8},"end":{"line":52,"column":null}},"type":"if","locations":[{"start":{"line":50,"column":8},"end":{"line":52,"column":null}},{"start":{},"end":{}}],"line":50},"4":{"loc":{"start":{"line":53,"column":8},"end":{"line":57,"column":null}},"type":"if","locations":[{"start":{"line":53,"column":8},"end":{"line":57,"column":null}},{"start":{},"end":{}}],"line":53},"5":{"loc":{"start":{"line":54,"column":12},"end":{"line":56,"column":null}},"type":"if","locations":[{"start":{"line":54,"column":12},"end":{"line":56,"column":null}},{"start":{},"end":{}}],"line":54},"6":{"loc":{"start":{"line":101,"column":18},"end":{"line":101,"column":50}},"type":"default-arg","locations":[{"start":{"line":101,"column":38},"end":{"line":101,"column":50}}],"line":101},"7":{"loc":{"start":{"line":102,"column":15},"end":{"line":103,"column":null}},"type":"binary-expr","locations":[{"start":{"line":102,"column":15},"end":{"line":102,"column":null}},{"start":{"line":103,"column":12},"end":{"line":103,"column":null}}],"line":102},"8":{"loc":{"start":{"line":109,"column":19},"end":{"line":109,"column":51}},"type":"default-arg","locations":[{"start":{"line":109,"column":39},"end":{"line":109,"column":51}}],"line":109},"9":{"loc":{"start":{"line":118,"column":8},"end":{"line":120,"column":null}},"type":"if","locations":[{"start":{"line":118,"column":8},"end":{"line":120,"column":null}},{"start":{},"end":{}}],"line":118}},"s":{"0":22,"1":22,"2":22,"3":22,"4":22,"5":22,"6":22,"7":22,"8":22,"9":23,"10":1,"11":22,"12":4,"13":22,"14":2,"15":6,"16":9,"17":9,"18":9,"19":1,"20":6,"21":4,"22":0,"23":3,"24":3,"25":1},"f":{"0":22,"1":3,"2":2,"3":6,"4":9,"5":9,"6":1,"7":6,"8":4,"9":0,"10":3},"b":{"0":[22,18],"1":[22,22],"2":[22,22],"3":[1,22],"4":[4,18],"5":[0,4],"6":[4],"7":[4,3],"8":[0],"9":[1,2]},"meta":{"lastBranch":10,"lastFunction":11,"lastStatement":26,"seen":{"f:37:12:37:24":0,"s:38:8:38:Infinity":0,"s:39:8:39:Infinity":1,"s:40:8:40:Infinity":2,"s:41:8:41:Infinity":3,"s:42:8:42:Infinity":4,"s:43:8:43:Infinity":5,"b:43:30:43:54:43:54:43:Infinity":0,"s:44:8:44:Infinity":6,"b:44:24:44:42:44:42:44:Infinity":1,"s:45:8:45:Infinity":7,"b:45:27:45:47:45:47:45:Infinity":2,"s:46:8:46:Infinity":8,"f:49:11:49:18":1,"b:50:8:52:Infinity:undefined:undefined:undefined:undefined":3,"s:50:8:52:Infinity":9,"s:51:12:51:Infinity":10,"b:53:8:57:Infinity:undefined:undefined:undefined:undefined":4,"s:53:8:57:Infinity":11,"b:54:12:56:Infinity:undefined:undefined:undefined:undefined":5,"s:54:12:56:Infinity":12,"s:58:8:58:Infinity":13,"f:61:8:61:34":2,"s:62:8:62:Infinity":14,"f:65:8:65:65":3,"s:66:8:66:Infinity":15,"f:72:4:72:26":4,"s:73:8:73:Infinity":16,"f:79:4:79:29":5,"s:80:8:80:Infinity":17,"s:81:8:81:Infinity":18,"f:87:4:87:25":6,"s:88:8:88:Infinity":19,"f:94:4:94:33":7,"s:95:8:95:Infinity":20,"f:101:4:101:18":8,"b:101:38:101:50":6,"s:102:8:103:Infinity":21,"b:102:15:102:Infinity:103:12:103:Infinity":7,"f:109:4:109:19":9,"b:109:39:109:51":8,"s:110:8:110:Infinity":22,"f:116:4:116:25":10,"s:117:8:117:Infinity":23,"b:118:8:120:Infinity:undefined:undefined:undefined:undefined":9,"s:118:8:120:Infinity":24,"s:119:12:119:Infinity":25}}}
,"/Users/user1000/gitprojects/escacs-platform/src/lib/photo-inspection/domain/services/DefectDetectionService.ts": {"path":"/Users/user1000/gitprojects/escacs-platform/src/lib/photo-inspection/domain/services/DefectDetectionService.ts","statementMap":{"0":{"start":{"line":26,"column":39},"end":{"line":29,"column":null}},"1":{"start":{"line":39,"column":8},"end":{"line":39,"column":null}},"2":{"start":{"line":40,"column":8},"end":{"line":40,"column":null}},"3":{"start":{"line":50,"column":8},"end":{"line":50,"column":null}},"4":{"start":{"line":52,"column":23},"end":{"line":52,"column":null}},"5":{"start":{"line":54,"column":24},"end":{"line":54,"column":null}},"6":{"start":{"line":55,"column":28},"end":{"line":55,"column":null}},"7":{"start":{"line":58,"column":33},"end":{"line":60,"column":null}},"8":{"start":{"line":59,"column":17},"end":{"line":59,"column":null}},"9":{"start":{"line":62,"column":8},"end":{"line":72,"column":null}},"10":{"start":{"line":63,"column":12},"end":{"line":63,"column":null}},"11":{"start":{"line":64,"column":12},"end":{"line":71,"column":null}},"12":{"start":{"line":74,"column":8},"end":{"line":74,"column":null}},"13":{"start":{"line":75,"column":8},"end":{"line":82,"column":null}},"14":{"start":{"line":93,"column":8},"end":{"line":95,"column":null}},"15":{"start":{"line":94,"column":12},"end":{"line":94,"column":null}},"16":{"start":{"line":98,"column":8},"end":{"line":100,"column":null}},"17":{"start":{"line":99,"column":12},"end":{"line":99,"column":null}},"18":{"start":{"line":103,"column":8},"end":{"line":105,"column":null}},"19":{"start":{"line":104,"column":12},"end":{"line":104,"column":null}},"20":{"start":{"line":108,"column":8},"end":{"line":110,"column":null}},"21":{"start":{"line":109,"column":12},"end":{"line":109,"column":null}},"22":{"start":{"line":112,"column":8},"end":{"line":112,"column":null}},"23":{"start":{"line":116,"column":8},"end":{"line":127,"column":null}},"24":{"start":{"line":117,"column":25},"end":{"line":117,"column":72}},"25":{"start":{"line":118,"column":22},"end":{"line":127,"column":14}}},"fnMap":{"0":{"name":"(anonymous_0)","decl":{"start":{"line":35,"column":4},"end":{"line":35,"column":null}},"loc":{"start":{"line":38,"column":6},"end":{"line":41,"column":null}},"line":38},"1":{"name":"(anonymous_1)","decl":{"start":{"line":46,"column":10},"end":{"line":46,"column":null}},"loc":{"start":{"line":49,"column":31},"end":{"line":83,"column":null}},"line":49},"2":{"name":"(anonymous_2)","decl":{"start":{"line":59,"column":12},"end":{"line":59,"column":17}},"loc":{"start":{"line":59,"column":17},"end":{"line":59,"column":null}},"line":59},"3":{"name":"(anonymous_3)","decl":{"start":{"line":88,"column":4},"end":{"line":88,"column":null}},"loc":{"start":{"line":91,"column":22},"end":{"line":113,"column":null}},"line":91},"4":{"name":"(anonymous_4)","decl":{"start":{"line":115,"column":12},"end":{"line":115,"column":26}},"loc":{"start":{"line":115,"column":80},"end":{"line":128,"column":null}},"line":115},"5":{"name":"(anonymous_5)","decl":{"start":{"line":117,"column":20},"end":{"line":117,"column":25}},"loc":{"start":{"line":117,"column":25},"end":{"line":117,"column":72}},"line":117},"6":{"name":"(anonymous_6)","decl":{"start":{"line":118,"column":17},"end":{"line":118,"column":22}},"loc":{"start":{"line":118,"column":22},"end":{"line":127,"column":14}},"line":118}},"branchMap":{"0":{"loc":{"start":{"line":37,"column":8},"end":{"line":37,"column":null}},"type":"default-arg","locations":[{"start":{"line":37,"column":33},"end":{"line":37,"column":null}}],"line":37},"1":{"loc":{"start":{"line":62,"column":8},"end":{"line":72,"column":null}},"type":"if","locations":[{"start":{"line":62,"column":8},"end":{"line":72,"column":null}},{"start":{},"end":{}}],"line":62},"2":{"loc":{"start":{"line":93,"column":8},"end":{"line":95,"column":null}},"type":"if","locations":[{"start":{"line":93,"column":8},"end":{"line":95,"column":null}},{"start":{},"end":{}}],"line":93},"3":{"loc":{"start":{"line":98,"column":8},"end":{"line":100,"column":null}},"type":"if","locations":[{"start":{"line":98,"column":8},"end":{"line":100,"column":null}},{"start":{},"end":{}}],"line":98},"4":{"loc":{"start":{"line":103,"column":8},"end":{"line":105,"column":null}},"type":"if","locations":[{"start":{"line":103,"column":8},"end":{"line":105,"column":null}},{"start":{},"end":{}}],"line":103},"5":{"loc":{"start":{"line":108,"column":8},"end":{"line":110,"column":null}},"type":"if","locations":[{"start":{"line":108,"column":8},"end":{"line":110,"column":null}},{"start":{},"end":{}}],"line":108}},"s":{"0":2,"1":8,"2":8,"3":8,"4":8,"5":8,"6":8,"7":8,"8":7,"9":8,"10":1,"11":1,"12":7,"13":7,"14":0,"15":0,"16":0,"17":0,"18":0,"19":0,"20":0,"21":0,"22":0,"23":8,"24":7,"25":6},"f":{"0":8,"1":8,"2":7,"3":0,"4":8,"5":7,"6":6},"b":{"0":[8],"1":[1,7],"2":[0,0],"3":[0,0],"4":[0,0],"5":[0,0]},"meta":{"lastBranch":6,"lastFunction":7,"lastStatement":26,"seen":{"s:26:39:29:Infinity":0,"f:35:4:35:Infinity":0,"b:37:33:37:Infinity":0,"s:39:8:39:Infinity":1,"s:40:8:40:Infinity":2,"f:46:10:46:Infinity":1,"s:50:8:50:Infinity":3,"s:52:23:52:Infinity":4,"s:54:24:54:Infinity":5,"s:55:28:55:Infinity":6,"s:58:33:60:Infinity":7,"f:59:12:59:17":2,"s:59:17:59:Infinity":8,"b:62:8:72:Infinity:undefined:undefined:undefined:undefined":1,"s:62:8:72:Infinity":9,"s:63:12:63:Infinity":10,"s:64:12:71:Infinity":11,"s:74:8:74:Infinity":12,"s:75:8:82:Infinity":13,"f:88:4:88:Infinity":3,"b:93:8:95:Infinity:undefined:undefined:undefined:undefined":2,"s:93:8:95:Infinity":14,"s:94:12:94:Infinity":15,"b:98:8:100:Infinity:undefined:undefined:undefined:undefined":3,"s:98:8:100:Infinity":16,"s:99:12:99:Infinity":17,"b:103:8:105:Infinity:undefined:undefined:undefined:undefined":4,"s:103:8:105:Infinity":18,"s:104:12:104:Infinity":19,"b:108:8:110:Infinity:undefined:undefined:undefined:undefined":5,"s:108:8:110:Infinity":20,"s:109:12:109:Infinity":21,"s:112:8:112:Infinity":22,"f:115:12:115:26":4,"s:116:8:127:Infinity":23,"f:117:20:117:25":5,"s:117:25:117:72":24,"f:118:17:118:22":6,"s:118:22:127:14":25}}}
,"/Users/user1000/gitprojects/escacs-platform/src/lib/photo-inspection/domain/services/VisionEnsembleService.ts": {"path":"/Users/user1000/gitprojects/escacs-platform/src/lib/photo-inspection/domain/services/VisionEnsembleService.ts","statementMap":{"0":{"start":{"line":22,"column":28},"end":{"line":22,"column":null}},"1":{"start":{"line":43,"column":41},"end":{"line":43,"column":null}},"2":{"start":{"line":46,"column":8},"end":{"line":46,"column":null}},"3":{"start":{"line":53,"column":26},"end":{"line":53,"column":null}},"4":{"start":{"line":56,"column":34},"end":{"line":56,"column":null}},"5":{"start":{"line":58,"column":8},"end":{"line":63,"column":null}},"6":{"start":{"line":59,"column":12},"end":{"line":62,"column":null}},"7":{"start":{"line":66,"column":24},"end":{"line":70,"column":null}},"8":{"start":{"line":68,"column":16},"end":{"line":68,"column":null}},"9":{"start":{"line":72,"column":34},"end":{"line":74,"column":null}},"10":{"start":{"line":73,"column":78},"end":{"line":73,"column":102}},"11":{"start":{"line":74,"column":22},"end":{"line":74,"column":29}},"12":{"start":{"line":76,"column":8},"end":{"line":81,"column":null}},"13":{"start":{"line":77,"column":12},"end":{"line":80,"column":null}},"14":{"start":{"line":84,"column":8},"end":{"line":84,"column":null}},"15":{"start":{"line":91,"column":29},"end":{"line":96,"column":null}},"16":{"start":{"line":92,"column":48},"end":{"line":95,"column":14}},"17":{"start":{"line":97,"column":8},"end":{"line":97,"column":null}},"18":{"start":{"line":97,"column":40},"end":{"line":97,"column":51}},"19":{"start":{"line":97,"column":62},"end":{"line":97,"column":71}},"20":{"start":{"line":107,"column":30},"end":{"line":107,"column":null}},"21":{"start":{"line":107,"column":51},"end":{"line":107,"column":63}},"22":{"start":{"line":108,"column":39},"end":{"line":108,"column":null}},"23":{"start":{"line":109,"column":31},"end":{"line":109,"column":null}},"24":{"start":{"line":110,"column":28},"end":{"line":110,"column":null}},"25":{"start":{"line":113,"column":30},"end":{"line":115,"column":null}},"26":{"start":{"line":114,"column":41},"end":{"line":114,"column":61}},"27":{"start":{"line":117,"column":8},"end":{"line":126,"column":null}},"28":{"start":{"line":137,"column":24},"end":{"line":137,"column":null}},"29":{"start":{"line":138,"column":8},"end":{"line":142,"column":null}},"30":{"start":{"line":139,"column":29},"end":{"line":139,"column":null}},"31":{"start":{"line":140,"column":12},"end":{"line":140,"column":null}},"32":{"start":{"line":141,"column":12},"end":{"line":141,"column":null}},"33":{"start":{"line":145,"column":48},"end":{"line":145,"column":null}},"34":{"start":{"line":146,"column":8},"end":{"line":161,"column":null}},"35":{"start":{"line":147,"column":30},"end":{"line":147,"column":null}},"36":{"start":{"line":148,"column":30},"end":{"line":148,"column":null}},"37":{"start":{"line":150,"column":12},"end":{"line":160,"column":null}},"38":{"start":{"line":152,"column":29},"end":{"line":154,"column":null}},"39":{"start":{"line":153,"column":20},"end":{"line":153,"column":null}},"40":{"start":{"line":155,"column":16},"end":{"line":159,"column":null}},"41":{"start":{"line":163,"column":8},"end":{"line":163,"column":null}},"42":{"start":{"line":170,"column":8},"end":{"line":170,"column":null}},"43":{"start":{"line":170,"column":32},"end":{"line":170,"column":null}},"44":{"start":{"line":172,"column":36},"end":{"line":172,"column":null}},"45":{"start":{"line":172,"column":55},"end":{"line":172,"column":95}},"46":{"start":{"line":173,"column":30},"end":{"line":173,"column":null}},"47":{"start":{"line":173,"column":57},"end":{"line":173,"column":77}},"48":{"start":{"line":175,"column":8},"end":{"line":175,"column":null}},"49":{"start":{"line":175,"column":58},"end":{"line":175,"column":null}},"50":{"start":{"line":176,"column":8},"end":{"line":176,"column":null}},"51":{"start":{"line":176,"column":58},"end":{"line":176,"column":null}},"52":{"start":{"line":177,"column":8},"end":{"line":177,"column":null}},"53":{"start":{"line":184,"column":8},"end":{"line":193,"column":null}}},"fnMap":{"0":{"name":"(anonymous_0)","decl":{"start":{"line":45,"column":4},"end":{"line":45,"column":16}},"loc":{"start":{"line":45,"column":44},"end":{"line":47,"column":null}},"line":45},"1":{"name":"(anonymous_1)","decl":{"start":{"line":52,"column":10},"end":{"line":52,"column":30}},"loc":{"start":{"line":52,"column":76},"end":{"line":85,"column":null}},"line":52},"2":{"name":"(anonymous_2)","decl":{"start":{"line":67,"column":34},"end":{"line":67,"column":null}},"loc":{"start":{"line":68,"column":16},"end":{"line":68,"column":null}},"line":68},"3":{"name":"(anonymous_3)","decl":{"start":{"line":73,"column":20},"end":{"line":73,"column":21}},"loc":{"start":{"line":73,"column":78},"end":{"line":73,"column":102}},"line":73},"4":{"name":"(anonymous_4)","decl":{"start":{"line":74,"column":17},"end":{"line":74,"column":22}},"loc":{"start":{"line":74,"column":22},"end":{"line":74,"column":29}},"line":74},"5":{"name":"(anonymous_5)","decl":{"start":{"line":90,"column":18},"end":{"line":90,"column":68}},"loc":{"start":{"line":90,"column":68},"end":{"line":98,"column":null}},"line":90},"6":{"name":"(anonymous_6)","decl":{"start":{"line":92,"column":30},"end":{"line":92,"column":36}},"loc":{"start":{"line":92,"column":48},"end":{"line":95,"column":14}},"line":92},"7":{"name":"(anonymous_7)","decl":{"start":{"line":97,"column":35},"end":{"line":97,"column":40}},"loc":{"start":{"line":97,"column":40},"end":{"line":97,"column":51}},"line":97},"8":{"name":"(anonymous_8)","decl":{"start":{"line":97,"column":57},"end":{"line":97,"column":62}},"loc":{"start":{"line":97,"column":62},"end":{"line":97,"column":71}},"line":97},"9":{"name":"(anonymous_9)","decl":{"start":{"line":103,"column":12},"end":{"line":103,"column":null}},"loc":{"start":{"line":106,"column":22},"end":{"line":127,"column":null}},"line":106},"10":{"name":"(anonymous_10)","decl":{"start":{"line":107,"column":46},"end":{"line":107,"column":51}},"loc":{"start":{"line":107,"column":51},"end":{"line":107,"column":63}},"line":107},"11":{"name":"(anonymous_11)","decl":{"start":{"line":114,"column":29},"end":{"line":114,"column":30}},"loc":{"start":{"line":114,"column":41},"end":{"line":114,"column":61}},"line":114},"12":{"name":"(anonymous_12)","decl":{"start":{"line":132,"column":12},"end":{"line":132,"column":null}},"loc":{"start":{"line":135,"column":25},"end":{"line":164,"column":null}},"line":135},"13":{"name":"(anonymous_13)","decl":{"start":{"line":152,"column":52},"end":{"line":152,"column":53}},"loc":{"start":{"line":153,"column":20},"end":{"line":153,"column":null}},"line":153},"14":{"name":"(anonymous_14)","decl":{"start":{"line":169,"column":12},"end":{"line":169,"column":36}},"loc":{"start":{"line":169,"column":96},"end":{"line":178,"column":null}},"line":169},"15":{"name":"(anonymous_15)","decl":{"start":{"line":172,"column":50},"end":{"line":172,"column":55}},"loc":{"start":{"line":172,"column":55},"end":{"line":172,"column":95}},"line":172},"16":{"name":"(anonymous_16)","decl":{"start":{"line":173,"column":45},"end":{"line":173,"column":46}},"loc":{"start":{"line":173,"column":57},"end":{"line":173,"column":77}},"line":173},"17":{"name":"(anonymous_17)","decl":{"start":{"line":183,"column":12},"end":{"line":183,"column":37}},"loc":{"start":{"line":183,"column":95},"end":{"line":194,"column":null}},"line":183}},"branchMap":{"0":{"loc":{"start":{"line":58,"column":8},"end":{"line":63,"column":null}},"type":"if","locations":[{"start":{"line":58,"column":8},"end":{"line":63,"column":null}},{"start":{},"end":{}}],"line":58},"1":{"loc":{"start":{"line":76,"column":8},"end":{"line":81,"column":null}},"type":"if","locations":[{"start":{"line":76,"column":8},"end":{"line":81,"column":null}},{"start":{},"end":{}}],"line":76},"2":{"loc":{"start":{"line":113,"column":30},"end":{"line":115,"column":null}},"type":"cond-expr","locations":[{"start":{"line":114,"column":14},"end":{"line":114,"column":null}},{"start":{"line":115,"column":14},"end":{"line":115,"column":null}}],"line":113},"3":{"loc":{"start":{"line":123,"column":26},"end":{"line":123,"column":null}},"type":"cond-expr","locations":[{"start":{"line":123,"column":53},"end":{"line":123,"column":91}},{"start":{"line":123,"column":91},"end":{"line":123,"column":null}}],"line":123},"4":{"loc":{"start":{"line":139,"column":29},"end":{"line":139,"column":null}},"type":"binary-expr","locations":[{"start":{"line":139,"column":29},"end":{"line":139,"column":59}},{"start":{"line":139,"column":59},"end":{"line":139,"column":null}}],"line":139},"5":{"loc":{"start":{"line":150,"column":12},"end":{"line":160,"column":null}},"type":"if","locations":[{"start":{"line":150,"column":12},"end":{"line":160,"column":null}},{"start":{},"end":{}}],"line":150},"6":{"loc":{"start":{"line":153,"column":20},"end":{"line":153,"column":null}},"type":"cond-expr","locations":[{"start":{"line":153,"column":50},"end":{"line":153,"column":54}},{"start":{"line":153,"column":54},"end":{"line":153,"column":null}}],"line":153},"7":{"loc":{"start":{"line":170,"column":8},"end":{"line":170,"column":null}},"type":"if","locations":[{"start":{"line":170,"column":8},"end":{"line":170,"column":null}},{"start":{},"end":{}}],"line":170},"8":{"loc":{"start":{"line":175,"column":8},"end":{"line":175,"column":null}},"type":"if","locations":[{"start":{"line":175,"column":8},"end":{"line":175,"column":null}},{"start":{},"end":{}}],"line":175},"9":{"loc":{"start":{"line":175,"column":12},"end":{"line":175,"column":58}},"type":"binary-expr","locations":[{"start":{"line":175,"column":12},"end":{"line":175,"column":35}},{"start":{"line":175,"column":35},"end":{"line":175,"column":58}}],"line":175},"10":{"loc":{"start":{"line":176,"column":8},"end":{"line":176,"column":null}},"type":"if","locations":[{"start":{"line":176,"column":8},"end":{"line":176,"column":null}},{"start":{},"end":{}}],"line":176},"11":{"loc":{"start":{"line":176,"column":12},"end":{"line":176,"column":58}},"type":"binary-expr","locations":[{"start":{"line":176,"column":12},"end":{"line":176,"column":35}},{"start":{"line":176,"column":35},"end":{"line":176,"column":58}}],"line":176}},"s":{"0":1,"1":9,"2":9,"3":9,"4":9,"5":9,"6":1,"7":8,"8":21,"9":8,"10":21,"11":20,"12":8,"13":0,"14":8,"15":9,"16":22,"17":9,"18":22,"19":21,"20":8,"21":20,"22":8,"23":8,"24":8,"25":8,"26":20,"27":8,"28":8,"29":8,"30":5,"31":5,"32":5,"33":8,"34":8,"35":2,"36":2,"37":2,"38":2,"39":3,"40":2,"41":8,"42":8,"43":0,"44":8,"45":20,"46":8,"47":20,"48":8,"49":6,"50":2,"51":0,"52":2,"53":1},"f":{"0":9,"1":9,"2":21,"3":21,"4":20,"5":9,"6":22,"7":22,"8":21,"9":8,"10":20,"11":20,"12":8,"13":3,"14":8,"15":20,"16":20,"17":1},"b":{"0":[1,8],"1":[0,8],"2":[8,0],"3":[2,6],"4":[5,2],"5":[2,0],"6":[0,3],"7":[0,8],"8":[6,2],"9":[8,6],"10":[0,2],"11":[2,0]},"meta":{"lastBranch":12,"lastFunction":18,"lastStatement":54,"seen":{"s:22:28:22:Infinity":0,"s:43:41:43:Infinity":1,"f:45:4:45:16":0,"s:46:8:46:Infinity":2,"f:52:10:52:30":1,"s:53:26:53:Infinity":3,"s:56:34:56:Infinity":4,"b:58:8:63:Infinity:undefined:undefined:undefined:undefined":0,"s:58:8:63:Infinity":5,"s:59:12:62:Infinity":6,"s:66:24:70:Infinity":7,"f:67:34:67:Infinity":2,"s:68:16:68:Infinity":8,"s:72:34:74:Infinity":9,"f:73:20:73:21":3,"s:73:78:73:102":10,"f:74:17:74:22":4,"s:74:22:74:29":11,"b:76:8:81:Infinity:undefined:undefined:undefined:undefined":1,"s:76:8:81:Infinity":12,"s:77:12:80:Infinity":13,"s:84:8:84:Infinity":14,"f:90:18:90:68":5,"s:91:29:96:Infinity":15,"f:92:30:92:36":6,"s:92:48:95:14":16,"s:97:8:97:Infinity":17,"f:97:35:97:40":7,"s:97:40:97:51":18,"f:97:57:97:62":8,"s:97:62:97:71":19,"f:103:12:103:Infinity":9,"s:107:30:107:Infinity":20,"f:107:46:107:51":10,"s:107:51:107:63":21,"s:108:39:108:Infinity":22,"s:109:31:109:Infinity":23,"s:110:28:110:Infinity":24,"s:113:30:115:Infinity":25,"b:114:14:114:Infinity:115:14:115:Infinity":2,"f:114:29:114:30":11,"s:114:41:114:61":26,"s:117:8:126:Infinity":27,"b:123:53:123:91:123:91:123:Infinity":3,"f:132:12:132:Infinity":12,"s:137:24:137:Infinity":28,"s:138:8:142:Infinity":29,"s:139:29:139:Infinity":30,"b:139:29:139:59:139:59:139:Infinity":4,"s:140:12:140:Infinity":31,"s:141:12:141:Infinity":32,"s:145:48:145:Infinity":33,"s:146:8:161:Infinity":34,"s:147:30:147:Infinity":35,"s:148:30:148:Infinity":36,"b:150:12:160:Infinity:undefined:undefined:undefined:undefined":5,"s:150:12:160:Infinity":37,"s:152:29:154:Infinity":38,"f:152:52:152:53":13,"s:153:20:153:Infinity":39,"b:153:50:153:54:153:54:153:Infinity":6,"s:155:16:159:Infinity":40,"s:163:8:163:Infinity":41,"f:169:12:169:36":14,"b:170:8:170:Infinity:undefined:undefined:undefined:undefined":7,"s:170:8:170:Infinity":42,"s:170:32:170:Infinity":43,"s:172:36:172:Infinity":44,"f:172:50:172:55":15,"s:172:55:172:95":45,"s:173:30:173:Infinity":46,"f:173:45:173:46":16,"s:173:57:173:77":47,"b:175:8:175:Infinity:undefined:undefined:undefined:undefined":8,"s:175:8:175:Infinity":48,"b:175:12:175:35:175:35:175:58":9,"s:175:58:175:Infinity":49,"b:176:8:176:Infinity:undefined:undefined:undefined:undefined":10,"s:176:8:176:Infinity":50,"b:176:12:176:35:176:35:176:58":11,"s:176:58:176:Infinity":51,"s:177:8:177:Infinity":52,"f:183:12:183:37":17,"s:184:8:193:Infinity":53}}}
,"/Users/user1000/gitprojects/escacs-platform/src/lib/photo-inspection/infrastructure/MockVisionAdapter.ts": {"path":"/Users/user1000/gitprojects/escacs-platform/src/lib/photo-inspection/infrastructure/MockVisionAdapter.ts","statementMap":{"0":{"start":{"line":19,"column":43},"end":{"line":19,"column":null}},"1":{"start":{"line":22,"column":8},"end":{"line":22,"column":null}},"2":{"start":{"line":26,"column":26},"end":{"line":26,"column":null}},"3":{"start":{"line":29,"column":8},"end":{"line":29,"column":null}},"4":{"start":{"line":29,"column":37},"end":{"line":29,"column":60}},"5":{"start":{"line":31,"column":27},"end":{"line":31,"column":null}},"6":{"start":{"line":32,"column":28},"end":{"line":32,"column":null}},"7":{"start":{"line":33,"column":37},"end":{"line":33,"column":null}},"8":{"start":{"line":35,"column":8},"end":{"line":43,"column":null}},"9":{"start":{"line":47,"column":8},"end":{"line":47,"column":null}},"10":{"start":{"line":51,"column":8},"end":{"line":51,"column":null}},"11":{"start":{"line":55,"column":8},"end":{"line":66,"column":null}},"12":{"start":{"line":70,"column":8},"end":{"line":122,"column":null}},"13":{"start":{"line":72,"column":16},"end":{"line":77,"column":null}},"14":{"start":{"line":80,"column":16},"end":{"line":85,"column":null}},"15":{"start":{"line":88,"column":16},"end":{"line":93,"column":null}},"16":{"start":{"line":96,"column":16},"end":{"line":109,"column":null}},"17":{"start":{"line":112,"column":16},"end":{"line":117,"column":null}},"18":{"start":{"line":121,"column":16},"end":{"line":121,"column":null}}},"fnMap":{"0":{"name":"(anonymous_0)","decl":{"start":{"line":21,"column":4},"end":{"line":21,"column":21}},"loc":{"start":{"line":21,"column":48},"end":{"line":23,"column":null}},"line":21},"1":{"name":"(anonymous_1)","decl":{"start":{"line":25,"column":10},"end":{"line":25,"column":23}},"loc":{"start":{"line":25,"column":72},"end":{"line":44,"column":null}},"line":25},"2":{"name":"(anonymous_2)","decl":{"start":{"line":29,"column":26},"end":{"line":29,"column":37}},"loc":{"start":{"line":29,"column":37},"end":{"line":29,"column":60}},"line":29},"3":{"name":"(anonymous_3)","decl":{"start":{"line":46,"column":4},"end":{"line":46,"column":30}},"loc":{"start":{"line":46,"column":30},"end":{"line":48,"column":null}},"line":46},"4":{"name":"(anonymous_4)","decl":{"start":{"line":50,"column":10},"end":{"line":50,"column":38}},"loc":{"start":{"line":50,"column":38},"end":{"line":52,"column":null}},"line":50},"5":{"name":"(anonymous_5)","decl":{"start":{"line":54,"column":4},"end":{"line":54,"column":41}},"loc":{"start":{"line":54,"column":41},"end":{"line":67,"column":null}},"line":54},"6":{"name":"(anonymous_6)","decl":{"start":{"line":69,"column":12},"end":{"line":69,"column":51}},"loc":{"start":{"line":69,"column":51},"end":{"line":123,"column":null}},"line":69}},"branchMap":{"0":{"loc":{"start":{"line":42,"column":26},"end":{"line":42,"column":null}},"type":"cond-expr","locations":[{"start":{"line":42,"column":49},"end":{"line":42,"column":78}},{"start":{"line":42,"column":78},"end":{"line":42,"column":null}}],"line":42},"1":{"loc":{"start":{"line":70,"column":8},"end":{"line":122,"column":null}},"type":"switch","locations":[{"start":{"line":71,"column":12},"end":{"line":77,"column":null}},{"start":{"line":79,"column":12},"end":{"line":85,"column":null}},{"start":{"line":87,"column":12},"end":{"line":93,"column":null}},{"start":{"line":95,"column":12},"end":{"line":109,"column":null}},{"start":{"line":111,"column":12},"end":{"line":117,"column":null}},{"start":{"line":119,"column":12},"end":{"line":119,"column":null}},{"start":{"line":120,"column":12},"end":{"line":121,"column":null}}],"line":70}},"s":{"0":8,"1":7,"2":8,"3":8,"4":8,"5":8,"6":8,"7":8,"8":8,"9":0,"10":0,"11":0,"12":8,"13":2,"14":1,"15":1,"16":1,"17":1,"18":2},"f":{"0":7,"1":8,"2":8,"3":0,"4":0,"5":0,"6":8},"b":{"0":[1,7],"1":[2,1,1,1,1,2,2]},"meta":{"lastBranch":2,"lastFunction":7,"lastStatement":19,"seen":{"s:19:43:19:Infinity":0,"f:21:4:21:21":0,"s:22:8:22:Infinity":1,"f:25:10:25:23":1,"s:26:26:26:Infinity":2,"s:29:8:29:Infinity":3,"f:29:26:29:37":2,"s:29:37:29:60":4,"s:31:27:31:Infinity":5,"s:32:28:32:Infinity":6,"s:33:37:33:Infinity":7,"s:35:8:43:Infinity":8,"b:42:49:42:78:42:78:42:Infinity":0,"f:46:4:46:30":3,"s:47:8:47:Infinity":9,"f:50:10:50:38":4,"s:51:8:51:Infinity":10,"f:54:4:54:41":5,"s:55:8:66:Infinity":11,"f:69:12:69:51":6,"b:71:12:77:Infinity:79:12:85:Infinity:87:12:93:Infinity:95:12:109:Infinity:111:12:117:Infinity:119:12:119:Infinity:120:12:121:Infinity":1,"s:70:8:122:Infinity":12,"s:72:16:77:Infinity":13,"s:80:16:85:Infinity":14,"s:88:16:93:Infinity":15,"s:96:16:109:Infinity":16,"s:112:16:117:Infinity":17,"s:121:16:121:Infinity":18}}}
,"/Users/user1000/gitprojects/escacs-platform/src/lib/risk-engine/domain/entities/RiskScore.ts": {"path":"/Users/user1000/gitprojects/escacs-platform/src/lib/risk-engine/domain/entities/RiskScore.ts","statementMap":{"0":{"start":{"line":45,"column":8},"end":{"line":45,"column":null}},"1":{"start":{"line":46,"column":8},"end":{"line":46,"column":null}},"2":{"start":{"line":47,"column":8},"end":{"line":47,"column":null}},"3":{"start":{"line":48,"column":8},"end":{"line":48,"column":null}},"4":{"start":{"line":49,"column":8},"end":{"line":49,"column":null}},"5":{"start":{"line":50,"column":8},"end":{"line":50,"column":null}},"6":{"start":{"line":51,"column":8},"end":{"line":51,"column":null}},"7":{"start":{"line":52,"column":8},"end":{"line":52,"column":null}},"8":{"start":{"line":53,"column":8},"end":{"line":53,"column":null}},"9":{"start":{"line":57,"column":8},"end":{"line":59,"column":null}},"10":{"start":{"line":58,"column":12},"end":{"line":58,"column":null}},"11":{"start":{"line":61,"column":22},"end":{"line":61,"column":null}},"12":{"start":{"line":62,"column":26},"end":{"line":62,"column":null}},"13":{"start":{"line":63,"column":8},"end":{"line":63,"column":null}},"14":{"start":{"line":65,"column":8},"end":{"line":65,"column":null}},"15":{"start":{"line":72,"column":8},"end":{"line":72,"column":null}},"16":{"start":{"line":72,"column":25},"end":{"line":72,"column":null}},"17":{"start":{"line":73,"column":8},"end":{"line":73,"column":null}},"18":{"start":{"line":73,"column":25},"end":{"line":73,"column":null}},"19":{"start":{"line":74,"column":8},"end":{"line":74,"column":null}},"20":{"start":{"line":74,"column":25},"end":{"line":74,"column":null}},"21":{"start":{"line":75,"column":8},"end":{"line":75,"column":null}},"22":{"start":{"line":82,"column":8},"end":{"line":82,"column":null}},"23":{"start":{"line":89,"column":8},"end":{"line":91,"column":null}},"24":{"start":{"line":90,"column":28},"end":{"line":90,"column":51}},"25":{"start":{"line":98,"column":8},"end":{"line":98,"column":null}}},"fnMap":{"0":{"name":"(anonymous_0)","decl":{"start":{"line":44,"column":12},"end":{"line":44,"column":24}},"loc":{"start":{"line":44,"column":47},"end":{"line":54,"column":null}},"line":44},"1":{"name":"(anonymous_1)","decl":{"start":{"line":56,"column":11},"end":{"line":56,"column":18}},"loc":{"start":{"line":56,"column":81},"end":{"line":66,"column":null}},"line":56},"2":{"name":"(anonymous_2)","decl":{"start":{"line":71,"column":11},"end":{"line":71,"column":26}},"loc":{"start":{"line":71,"column":52},"end":{"line":76,"column":null}},"line":71},"3":{"name":"(anonymous_3)","decl":{"start":{"line":81,"column":4},"end":{"line":81,"column":25}},"loc":{"start":{"line":81,"column":25},"end":{"line":83,"column":null}},"line":81},"4":{"name":"(anonymous_4)","decl":{"start":{"line":88,"column":4},"end":{"line":88,"column":18}},"loc":{"start":{"line":88,"column":57},"end":{"line":92,"column":null}},"line":88},"5":{"name":"(anonymous_5)","decl":{"start":{"line":90,"column":18},"end":{"line":90,"column":19}},"loc":{"start":{"line":90,"column":28},"end":{"line":90,"column":51}},"line":90},"6":{"name":"(anonymous_6)","decl":{"start":{"line":97,"column":4},"end":{"line":97,"column":39}},"loc":{"start":{"line":97,"column":39},"end":{"line":99,"column":null}},"line":97}},"branchMap":{"0":{"loc":{"start":{"line":57,"column":8},"end":{"line":59,"column":null}},"type":"if","locations":[{"start":{"line":57,"column":8},"end":{"line":59,"column":null}},{"start":{},"end":{}}],"line":57},"1":{"loc":{"start":{"line":57,"column":12},"end":{"line":57,"column":50}},"type":"binary-expr","locations":[{"start":{"line":57,"column":12},"end":{"line":57,"column":31}},{"start":{"line":57,"column":31},"end":{"line":57,"column":50}}],"line":57},"2":{"loc":{"start":{"line":72,"column":8},"end":{"line":72,"column":null}},"type":"if","locations":[{"start":{"line":72,"column":8},"end":{"line":72,"column":null}},{"start":{},"end":{}}],"line":72},"3":{"loc":{"start":{"line":73,"column":8},"end":{"line":73,"column":null}},"type":"if","locations":[{"start":{"line":73,"column":8},"end":{"line":73,"column":null}},{"start":{},"end":{}}],"line":73},"4":{"loc":{"start":{"line":74,"column":8},"end":{"line":74,"column":null}},"type":"if","locations":[{"start":{"line":74,"column":8},"end":{"line":74,"column":null}},{"start":{},"end":{}}],"line":74},"5":{"loc":{"start":{"line":88,"column":18},"end":{"line":88,"column":57}},"type":"default-arg","locations":[{"start":{"line":88,"column":34},"end":{"line":88,"column":57}}],"line":88},"6":{"loc":{"start":{"line":98,"column":15},"end":{"line":98,"column":null}},"type":"binary-expr","locations":[{"start":{"line":98,"column":15},"end":{"line":98,"column":44}},{"start":{"line":98,"column":44},"end":{"line":98,"column":null}}],"line":98}},"s":{"0":18,"1":18,"2":18,"3":18,"4":18,"5":18,"6":18,"7":18,"8":18,"9":20,"10":2,"11":18,"12":18,"13":18,"14":18,"15":29,"16":3,"17":26,"18":12,"19":14,"20":9,"21":5,"22":1,"23":3,"24":6,"25":4},"f":{"0":18,"1":2,"2":2,"3":1,"4":3,"5":6,"6":4},"b":{"0":[2,18],"1":[20,19],"2":[3,26],"3":[12,14],"4":[9,5],"5":[3],"6":[4,3]},"meta":{"lastBranch":7,"lastFunction":7,"lastStatement":26,"seen":{"f:44:12:44:24":0,"s:45:8:45:Infinity":0,"s:46:8:46:Infinity":1,"s:47:8:47:Infinity":2,"s:48:8:48:Infinity":3,"s:49:8:49:Infinity":4,"s:50:8:50:Infinity":5,"s:51:8:51:Infinity":6,"s:52:8:52:Infinity":7,"s:53:8:53:Infinity":8,"f:56:11:56:18":1,"b:57:8:59:Infinity:undefined:undefined:undefined:undefined":0,"s:57:8:59:Infinity":9,"b:57:12:57:31:57:31:57:50":1,"s:58:12:58:Infinity":10,"s:61:22:61:Infinity":11,"s:62:26:62:Infinity":12,"s:63:8:63:Infinity":13,"s:65:8:65:Infinity":14,"f:71:11:71:26":2,"b:72:8:72:Infinity:undefined:undefined:undefined:undefined":2,"s:72:8:72:Infinity":15,"s:72:25:72:Infinity":16,"b:73:8:73:Infinity:undefined:undefined:undefined:undefined":3,"s:73:8:73:Infinity":17,"s:73:25:73:Infinity":18,"b:74:8:74:Infinity:undefined:undefined:undefined:undefined":4,"s:74:8:74:Infinity":19,"s:74:25:74:Infinity":20,"s:75:8:75:Infinity":21,"f:81:4:81:25":3,"s:82:8:82:Infinity":22,"f:88:4:88:18":4,"b:88:34:88:57":5,"s:89:8:91:Infinity":23,"f:90:18:90:19":5,"s:90:28:90:51":24,"f:97:4:97:39":6,"s:98:8:98:Infinity":25,"b:98:15:98:44:98:44:98:Infinity":6}}}
,"/Users/user1000/gitprojects/escacs-platform/src/lib/risk-engine/domain/entities/SiteCondition.ts": {"path":"/Users/user1000/gitprojects/escacs-platform/src/lib/risk-engine/domain/entities/SiteCondition.ts","statementMap":{"0":{"start":{"line":47,"column":8},"end":{"line":47,"column":null}},"1":{"start":{"line":48,"column":8},"end":{"line":48,"column":null}},"2":{"start":{"line":49,"column":8},"end":{"line":49,"column":null}},"3":{"start":{"line":50,"column":8},"end":{"line":50,"column":null}},"4":{"start":{"line":51,"column":8},"end":{"line":51,"column":null}},"5":{"start":{"line":52,"column":8},"end":{"line":52,"column":null}},"6":{"start":{"line":53,"column":8},"end":{"line":53,"column":null}},"7":{"start":{"line":54,"column":8},"end":{"line":54,"column":null}},"8":{"start":{"line":55,"column":8},"end":{"line":55,"column":null}},"9":{"start":{"line":59,"column":8},"end":{"line":61,"column":null}},"10":{"start":{"line":60,"column":12},"end":{"line":60,"column":null}},"11":{"start":{"line":62,"column":8},"end":{"line":62,"column":null}},"12":{"start":{"line":69,"column":8},"end":{"line":69,"column":null}},"13":{"start":{"line":76,"column":8},"end":{"line":76,"column":null}},"14":{"start":{"line":83,"column":8},"end":{"line":83,"column":null}},"15":{"start":{"line":90,"column":8},"end":{"line":90,"column":null}},"16":{"start":{"line":90,"column":45},"end":{"line":90,"column":73}}},"fnMap":{"0":{"name":"(anonymous_0)","decl":{"start":{"line":46,"column":12},"end":{"line":46,"column":24}},"loc":{"start":{"line":46,"column":51},"end":{"line":56,"column":null}},"line":46},"1":{"name":"(anonymous_1)","decl":{"start":{"line":58,"column":11},"end":{"line":58,"column":18}},"loc":{"start":{"line":58,"column":60},"end":{"line":63,"column":null}},"line":58},"2":{"name":"(anonymous_2)","decl":{"start":{"line":68,"column":4},"end":{"line":68,"column":31}},"loc":{"start":{"line":68,"column":31},"end":{"line":70,"column":null}},"line":68},"3":{"name":"(anonymous_3)","decl":{"start":{"line":75,"column":4},"end":{"line":75,"column":31}},"loc":{"start":{"line":75,"column":31},"end":{"line":77,"column":null}},"line":75},"4":{"name":"(anonymous_4)","decl":{"start":{"line":82,"column":4},"end":{"line":82,"column":24}},"loc":{"start":{"line":82,"column":54},"end":{"line":84,"column":null}},"line":82},"5":{"name":"(anonymous_5)","decl":{"start":{"line":89,"column":4},"end":{"line":89,"column":39}},"loc":{"start":{"line":89,"column":39},"end":{"line":91,"column":null}},"line":89},"6":{"name":"(anonymous_6)","decl":{"start":{"line":90,"column":40},"end":{"line":90,"column":45}},"loc":{"start":{"line":90,"column":45},"end":{"line":90,"column":73}},"line":90}},"branchMap":{"0":{"loc":{"start":{"line":59,"column":8},"end":{"line":61,"column":null}},"type":"if","locations":[{"start":{"line":59,"column":8},"end":{"line":61,"column":null}},{"start":{},"end":{}}],"line":59},"1":{"loc":{"start":{"line":69,"column":15},"end":{"line":69,"column":null}},"type":"binary-expr","locations":[{"start":{"line":69,"column":15},"end":{"line":69,"column":44}},{"start":{"line":69,"column":44},"end":{"line":69,"column":null}}],"line":69},"2":{"loc":{"start":{"line":82,"column":24},"end":{"line":82,"column":54}},"type":"default-arg","locations":[{"start":{"line":82,"column":42},"end":{"line":82,"column":54}}],"line":82}},"s":{"0":31,"1":31,"2":31,"3":31,"4":31,"5":31,"6":31,"7":31,"8":31,"9":32,"10":1,"11":31,"12":19,"13":11,"14":4,"15":3,"16":6},"f":{"0":31,"1":2,"2":19,"3":11,"4":4,"5":3,"6":6},"b":{"0":[1,31],"1":[19,18],"2":[4]},"meta":{"lastBranch":3,"lastFunction":7,"lastStatement":17,"seen":{"f:46:12:46:24":0,"s:47:8:47:Infinity":0,"s:48:8:48:Infinity":1,"s:49:8:49:Infinity":2,"s:50:8:50:Infinity":3,"s:51:8:51:Infinity":4,"s:52:8:52:Infinity":5,"s:53:8:53:Infinity":6,"s:54:8:54:Infinity":7,"s:55:8:55:Infinity":8,"f:58:11:58:18":1,"b:59:8:61:Infinity:undefined:undefined:undefined:undefined":0,"s:59:8:61:Infinity":9,"s:60:12:60:Infinity":10,"s:62:8:62:Infinity":11,"f:68:4:68:31":2,"s:69:8:69:Infinity":12,"b:69:15:69:44:69:44:69:Infinity":1,"f:75:4:75:31":3,"s:76:8:76:Infinity":13,"f:82:4:82:24":4,"b:82:42:82:54":2,"s:83:8:83:Infinity":14,"f:89:4:89:39":5,"s:90:8:90:Infinity":15,"f:90:40:90:45":6,"s:90:45:90:73":16}}}
,"/Users/user1000/gitprojects/escacs-platform/src/lib/risk-engine/domain/services/RiskCalculationService.ts": {"path":"/Users/user1000/gitprojects/escacs-platform/src/lib/risk-engine/domain/services/RiskCalculationService.ts","statementMap":{"0":{"start":{"line":31,"column":40},"end":{"line":31,"column":null}},"1":{"start":{"line":32,"column":24},"end":{"line":32,"column":null}},"2":{"start":{"line":34,"column":8},"end":{"line":42,"column":null}},"3":{"start":{"line":49,"column":8},"end":{"line":51,"column":null}},"4":{"start":{"line":50,"column":12},"end":{"line":50,"column":null}},"5":{"start":{"line":61,"column":38},"end":{"line":61,"column":null}},"6":{"start":{"line":62,"column":25},"end":{"line":62,"column":null}},"7":{"start":{"line":65,"column":27},"end":{"line":65,"column":null}},"8":{"start":{"line":66,"column":8},"end":{"line":66,"column":null}},"9":{"start":{"line":67,"column":28},"end":{"line":67,"column":null}},"10":{"start":{"line":68,"column":8},"end":{"line":68,"column":null}},"11":{"start":{"line":68,"column":25},"end":{"line":68,"column":null}},"12":{"start":{"line":71,"column":27},"end":{"line":71,"column":null}},"13":{"start":{"line":72,"column":8},"end":{"line":75,"column":null}},"14":{"start":{"line":73,"column":12},"end":{"line":73,"column":null}},"15":{"start":{"line":74,"column":12},"end":{"line":74,"column":null}},"16":{"start":{"line":78,"column":28},"end":{"line":78,"column":null}},"17":{"start":{"line":79,"column":8},"end":{"line":82,"column":null}},"18":{"start":{"line":80,"column":12},"end":{"line":80,"column":null}},"19":{"start":{"line":81,"column":12},"end":{"line":81,"column":null}},"20":{"start":{"line":85,"column":32},"end":{"line":85,"column":null}},"21":{"start":{"line":86,"column":8},"end":{"line":86,"column":null}},"22":{"start":{"line":87,"column":33},"end":{"line":87,"column":null}},"23":{"start":{"line":88,"column":8},"end":{"line":88,"column":null}},"24":{"start":{"line":88,"column":30},"end":{"line":88,"column":null}},"25":{"start":{"line":91,"column":30},"end":{"line":91,"column":null}},"26":{"start":{"line":92,"column":29},"end":{"line":92,"column":null}},"27":{"start":{"line":93,"column":8},"end":{"line":93,"column":null}},"28":{"start":{"line":94,"column":30},"end":{"line":94,"column":null}},"29":{"start":{"line":95,"column":8},"end":{"line":95,"column":null}},"30":{"start":{"line":95,"column":27},"end":{"line":95,"column":null}},"31":{"start":{"line":98,"column":32},"end":{"line":98,"column":null}},"32":{"start":{"line":99,"column":8},"end":{"line":102,"column":null}},"33":{"start":{"line":100,"column":12},"end":{"line":100,"column":null}},"34":{"start":{"line":101,"column":12},"end":{"line":101,"column":null}},"35":{"start":{"line":104,"column":8},"end":{"line":104,"column":null}},"36":{"start":{"line":111,"column":8},"end":{"line":111,"column":null}},"37":{"start":{"line":111,"column":25},"end":{"line":111,"column":null}},"38":{"start":{"line":113,"column":8},"end":{"line":117,"column":null}},"39":{"start":{"line":124,"column":8},"end":{"line":124,"column":null}},"40":{"start":{"line":124,"column":37},"end":{"line":124,"column":null}},"41":{"start":{"line":126,"column":8},"end":{"line":130,"column":null}},"42":{"start":{"line":137,"column":8},"end":{"line":137,"column":null}},"43":{"start":{"line":137,"column":37},"end":{"line":137,"column":null}},"44":{"start":{"line":139,"column":8},"end":{"line":143,"column":null}},"45":{"start":{"line":150,"column":8},"end":{"line":150,"column":null}},"46":{"start":{"line":150,"column":24},"end":{"line":150,"column":null}},"47":{"start":{"line":152,"column":8},"end":{"line":156,"column":null}},"48":{"start":{"line":166,"column":8},"end":{"line":166,"column":null}},"49":{"start":{"line":166,"column":25},"end":{"line":166,"column":null}},"50":{"start":{"line":168,"column":21},"end":{"line":168,"column":null}},"51":{"start":{"line":169,"column":8},"end":{"line":173,"column":null}},"52":{"start":{"line":180,"column":8},"end":{"line":180,"column":null}},"53":{"start":{"line":180,"column":43},"end":{"line":180,"column":null}},"54":{"start":{"line":182,"column":22},"end":{"line":182,"column":null}},"55":{"start":{"line":183,"column":8},"end":{"line":187,"column":null}},"56":{"start":{"line":197,"column":56},"end":{"line":201,"column":null}},"57":{"start":{"line":202,"column":8},"end":{"line":202,"column":null}},"58":{"start":{"line":212,"column":44},"end":{"line":212,"column":null}},"59":{"start":{"line":213,"column":23},"end":{"line":213,"column":null}},"60":{"start":{"line":215,"column":8},"end":{"line":217,"column":null}},"61":{"start":{"line":216,"column":12},"end":{"line":216,"column":null}},"62":{"start":{"line":219,"column":8},"end":{"line":221,"column":null}},"63":{"start":{"line":220,"column":12},"end":{"line":220,"column":null}},"64":{"start":{"line":223,"column":8},"end":{"line":225,"column":null}},"65":{"start":{"line":224,"column":12},"end":{"line":224,"column":null}},"66":{"start":{"line":227,"column":8},"end":{"line":227,"column":null}},"67":{"start":{"line":231,"column":8},"end":{"line":231,"column":null}},"68":{"start":{"line":231,"column":33},"end":{"line":231,"column":56}},"69":{"start":{"line":235,"column":8},"end":{"line":235,"column":null}},"70":{"start":{"line":235,"column":33},"end":{"line":235,"column":64}},"71":{"start":{"line":239,"column":8},"end":{"line":239,"column":null}},"72":{"start":{"line":249,"column":23},"end":{"line":249,"column":null}},"73":{"start":{"line":250,"column":23},"end":{"line":250,"column":null}},"74":{"start":{"line":252,"column":8},"end":{"line":254,"column":null}},"75":{"start":{"line":253,"column":12},"end":{"line":253,"column":null}},"76":{"start":{"line":255,"column":8},"end":{"line":257,"column":null}},"77":{"start":{"line":256,"column":12},"end":{"line":256,"column":null}},"78":{"start":{"line":259,"column":8},"end":{"line":259,"column":null}}},"fnMap":{"0":{"name":"(anonymous_0)","decl":{"start":{"line":27,"column":4},"end":{"line":27,"column":null}},"loc":{"start":{"line":30,"column":17},"end":{"line":43,"column":null}},"line":30},"1":{"name":"(anonymous_1)","decl":{"start":{"line":48,"column":4},"end":{"line":48,"column":22}},"loc":{"start":{"line":48,"column":64},"end":{"line":52,"column":null}},"line":48},"2":{"name":"(anonymous_2)","decl":{"start":{"line":49,"column":32},"end":{"line":49,"column":null}},"loc":{"start":{"line":50,"column":12},"end":{"line":50,"column":null}},"line":50},"3":{"name":"(anonymous_3)","decl":{"start":{"line":57,"column":12},"end":{"line":57,"column":null}},"loc":{"start":{"line":60,"column":53},"end":{"line":105,"column":null}},"line":60},"4":{"name":"(anonymous_4)","decl":{"start":{"line":110,"column":12},"end":{"line":110,"column":33}},"loc":{"start":{"line":110,"column":88},"end":{"line":118,"column":null}},"line":110},"5":{"name":"(anonymous_5)","decl":{"start":{"line":123,"column":12},"end":{"line":123,"column":32}},"loc":{"start":{"line":123,"column":72},"end":{"line":131,"column":null}},"line":123},"6":{"name":"(anonymous_6)","decl":{"start":{"line":136,"column":12},"end":{"line":136,"column":33}},"loc":{"start":{"line":136,"column":73},"end":{"line":144,"column":null}},"line":136},"7":{"name":"(anonymous_7)","decl":{"start":{"line":149,"column":12},"end":{"line":149,"column":38}},"loc":{"start":{"line":149,"column":93},"end":{"line":157,"column":null}},"line":149},"8":{"name":"(anonymous_8)","decl":{"start":{"line":162,"column":12},"end":{"line":162,"column":null}},"loc":{"start":{"line":165,"column":25},"end":{"line":174,"column":null}},"line":165},"9":{"name":"(anonymous_9)","decl":{"start":{"line":179,"column":12},"end":{"line":179,"column":37}},"loc":{"start":{"line":179,"column":77},"end":{"line":188,"column":null}},"line":179},"10":{"name":"(anonymous_10)","decl":{"start":{"line":193,"column":12},"end":{"line":193,"column":null}},"loc":{"start":{"line":196,"column":14},"end":{"line":203,"column":null}},"line":196},"11":{"name":"(anonymous_11)","decl":{"start":{"line":208,"column":12},"end":{"line":208,"column":null}},"loc":{"start":{"line":211,"column":26},"end":{"line":228,"column":null}},"line":211},"12":{"name":"(anonymous_12)","decl":{"start":{"line":230,"column":12},"end":{"line":230,"column":26}},"loc":{"start":{"line":230,"column":58},"end":{"line":232,"column":null}},"line":230},"13":{"name":"(anonymous_13)","decl":{"start":{"line":231,"column":28},"end":{"line":231,"column":33}},"loc":{"start":{"line":231,"column":33},"end":{"line":231,"column":56}},"line":231},"14":{"name":"(anonymous_14)","decl":{"start":{"line":234,"column":12},"end":{"line":234,"column":32}},"loc":{"start":{"line":234,"column":64},"end":{"line":236,"column":null}},"line":234},"15":{"name":"(anonymous_15)","decl":{"start":{"line":235,"column":28},"end":{"line":235,"column":33}},"loc":{"start":{"line":235,"column":33},"end":{"line":235,"column":64}},"line":235},"16":{"name":"(anonymous_16)","decl":{"start":{"line":238,"column":12},"end":{"line":238,"column":25}},"loc":{"start":{"line":238,"column":92},"end":{"line":240,"column":null}},"line":238},"17":{"name":"(anonymous_17)","decl":{"start":{"line":245,"column":12},"end":{"line":245,"column":null}},"loc":{"start":{"line":248,"column":26},"end":{"line":260,"column":null}},"line":248}},"branchMap":{"0":{"loc":{"start":{"line":29,"column":8},"end":{"line":29,"column":null}},"type":"default-arg","locations":[{"start":{"line":29,"column":37},"end":{"line":29,"column":null}}],"line":29},"1":{"loc":{"start":{"line":68,"column":8},"end":{"line":68,"column":null}},"type":"if","locations":[{"start":{"line":68,"column":8},"end":{"line":68,"column":null}},{"start":{},"end":{}}],"line":68},"2":{"loc":{"start":{"line":72,"column":8},"end":{"line":75,"column":null}},"type":"if","locations":[{"start":{"line":72,"column":8},"end":{"line":75,"column":null}},{"start":{},"end":{}}],"line":72},"3":{"loc":{"start":{"line":79,"column":8},"end":{"line":82,"column":null}},"type":"if","locations":[{"start":{"line":79,"column":8},"end":{"line":82,"column":null}},{"start":{},"end":{}}],"line":79},"4":{"loc":{"start":{"line":88,"column":8},"end":{"line":88,"column":null}},"type":"if","locations":[{"start":{"line":88,"column":8},"end":{"line":88,"column":null}},{"start":{},"end":{}}],"line":88},"5":{"loc":{"start":{"line":95,"column":8},"end":{"line":95,"column":null}},"type":"if","locations":[{"start":{"line":95,"column":8},"end":{"line":95,"column":null}},{"start":{},"end":{}}],"line":95},"6":{"loc":{"start":{"line":99,"column":8},"end":{"line":102,"column":null}},"type":"if","locations":[{"start":{"line":99,"column":8},"end":{"line":102,"column":null}},{"start":{},"end":{}}],"line":99},"7":{"loc":{"start":{"line":111,"column":8},"end":{"line":111,"column":null}},"type":"if","locations":[{"start":{"line":111,"column":8},"end":{"line":111,"column":null}},{"start":{},"end":{}}],"line":111},"8":{"loc":{"start":{"line":124,"column":8},"end":{"line":124,"column":null}},"type":"if","locations":[{"start":{"line":124,"column":8},"end":{"line":124,"column":null}},{"start":{},"end":{}}],"line":124},"9":{"loc":{"start":{"line":137,"column":8},"end":{"line":137,"column":null}},"type":"if","locations":[{"start":{"line":137,"column":8},"end":{"line":137,"column":null}},{"start":{},"end":{}}],"line":137},"10":{"loc":{"start":{"line":150,"column":8},"end":{"line":150,"column":null}},"type":"if","locations":[{"start":{"line":150,"column":8},"end":{"line":150,"column":null}},{"start":{},"end":{}}],"line":150},"11":{"loc":{"start":{"line":166,"column":8},"end":{"line":166,"column":null}},"type":"if","locations":[{"start":{"line":166,"column":8},"end":{"line":166,"column":null}},{"start":{},"end":{}}],"line":166},"12":{"loc":{"start":{"line":168,"column":21},"end":{"line":168,"column":null}},"type":"cond-expr","locations":[{"start":{"line":168,"column":43},"end":{"line":168,"column":67}},{"start":{"line":168,"column":67},"end":{"line":168,"column":null}}],"line":168},"13":{"loc":{"start":{"line":180,"column":8},"end":{"line":180,"column":null}},"type":"if","locations":[{"start":{"line":180,"column":8},"end":{"line":180,"column":null}},{"start":{},"end":{}}],"line":180},"14":{"loc":{"start":{"line":215,"column":8},"end":{"line":217,"column":null}},"type":"if","locations":[{"start":{"line":215,"column":8},"end":{"line":217,"column":null}},{"start":{},"end":{}}],"line":215},"15":{"loc":{"start":{"line":219,"column":8},"end":{"line":221,"column":null}},"type":"if","locations":[{"start":{"line":219,"column":8},"end":{"line":221,"column":null}},{"start":{},"end":{}}],"line":219},"16":{"loc":{"start":{"line":223,"column":8},"end":{"line":225,"column":null}},"type":"if","locations":[{"start":{"line":223,"column":8},"end":{"line":225,"column":null}},{"start":{},"end":{}}],"line":223},"17":{"loc":{"start":{"line":252,"column":8},"end":{"line":254,"column":null}},"type":"if","locations":[{"start":{"line":252,"column":8},"end":{"line":254,"column":null}},{"start":{},"end":{}}],"line":252},"18":{"loc":{"start":{"line":255,"column":8},"end":{"line":257,"column":null}},"type":"if","locations":[{"start":{"line":255,"column":8},"end":{"line":257,"column":null}},{"start":{},"end":{}}],"line":255}},"s":{"0":7,"1":7,"2":7,"3":1,"4":3,"5":7,"6":7,"7":7,"8":7,"9":7,"10":7,"11":6,"12":7,"13":7,"14":1,"15":1,"16":7,"17":7,"18":6,"19":6,"20":7,"21":7,"22":7,"23":7,"24":0,"25":7,"26":7,"27":7,"28":7,"29":7,"30":2,"31":7,"32":7,"33":1,"34":1,"35":7,"36":7,"37":1,"38":6,"39":7,"40":6,"41":1,"42":7,"43":1,"44":6,"45":7,"46":7,"47":0,"48":7,"49":5,"50":2,"51":7,"52":7,"53":6,"54":1,"55":1,"56":7,"57":7,"58":7,"59":7,"60":7,"61":2,"62":7,"63":6,"64":7,"65":0,"66":7,"67":7,"68":16,"69":7,"70":16,"71":20,"72":7,"73":7,"74":7,"75":7,"76":7,"77":5,"78":7},"f":{"0":7,"1":1,"2":3,"3":7,"4":7,"5":7,"6":7,"7":7,"8":7,"9":7,"10":7,"11":7,"12":7,"13":16,"14":7,"15":16,"16":20,"17":7},"b":{"0":[7],"1":[6,1],"2":[1,6],"3":[6,1],"4":[0,7],"5":[2,5],"6":[1,6],"7":[1,6],"8":[6,1],"9":[1,6],"10":[7,0],"11":[5,2],"12":[1,1],"13":[6,1],"14":[2,5],"15":[6,1],"16":[0,7],"17":[7,0],"18":[5,2]},"meta":{"lastBranch":19,"lastFunction":18,"lastStatement":79,"seen":{"f:27:4:27:Infinity":0,"b:29:37:29:Infinity":0,"s:31:40:31:Infinity":0,"s:32:24:32:Infinity":1,"s:34:8:42:Infinity":2,"f:48:4:48:22":1,"s:49:8:51:Infinity":3,"f:49:32:49:Infinity":2,"s:50:12:50:Infinity":4,"f:57:12:57:Infinity":3,"s:61:38:61:Infinity":5,"s:62:25:62:Infinity":6,"s:65:27:65:Infinity":7,"s:66:8:66:Infinity":8,"s:67:28:67:Infinity":9,"b:68:8:68:Infinity:undefined:undefined:undefined:undefined":1,"s:68:8:68:Infinity":10,"s:68:25:68:Infinity":11,"s:71:27:71:Infinity":12,"b:72:8:75:Infinity:undefined:undefined:undefined:undefined":2,"s:72:8:75:Infinity":13,"s:73:12:73:Infinity":14,"s:74:12:74:Infinity":15,"s:78:28:78:Infinity":16,"b:79:8:82:Infinity:undefined:undefined:undefined:undefined":3,"s:79:8:82:Infinity":17,"s:80:12:80:Infinity":18,"s:81:12:81:Infinity":19,"s:85:32:85:Infinity":20,"s:86:8:86:Infinity":21,"s:87:33:87:Infinity":22,"b:88:8:88:Infinity:undefined:undefined:undefined:undefined":4,"s:88:8:88:Infinity":23,"s:88:30:88:Infinity":24,"s:91:30:91:Infinity":25,"s:92:29:92:Infinity":26,"s:93:8:93:Infinity":27,"s:94:30:94:Infinity":28,"b:95:8:95:Infinity:undefined:undefined:undefined:undefined":5,"s:95:8:95:Infinity":29,"s:95:27:95:Infinity":30,"s:98:32:98:Infinity":31,"b:99:8:102:Infinity:undefined:undefined:undefined:undefined":6,"s:99:8:102:Infinity":32,"s:100:12:100:Infinity":33,"s:101:12:101:Infinity":34,"s:104:8:104:Infinity":35,"f:110:12:110:33":4,"b:111:8:111:Infinity:undefined:undefined:undefined:undefined":7,"s:111:8:111:Infinity":36,"s:111:25:111:Infinity":37,"s:113:8:117:Infinity":38,"f:123:12:123:32":5,"b:124:8:124:Infinity:undefined:undefined:undefined:undefined":8,"s:124:8:124:Infinity":39,"s:124:37:124:Infinity":40,"s:126:8:130:Infinity":41,"f:136:12:136:33":6,"b:137:8:137:Infinity:undefined:undefined:undefined:undefined":9,"s:137:8:137:Infinity":42,"s:137:37:137:Infinity":43,"s:139:8:143:Infinity":44,"f:149:12:149:38":7,"b:150:8:150:Infinity:undefined:undefined:undefined:undefined":10,"s:150:8:150:Infinity":45,"s:150:24:150:Infinity":46,"s:152:8:156:Infinity":47,"f:162:12:162:Infinity":8,"b:166:8:166:Infinity:undefined:undefined:undefined:undefined":11,"s:166:8:166:Infinity":48,"s:166:25:166:Infinity":49,"s:168:21:168:Infinity":50,"b:168:43:168:67:168:67:168:Infinity":12,"s:169:8:173:Infinity":51,"f:179:12:179:37":9,"b:180:8:180:Infinity:undefined:undefined:undefined:undefined":13,"s:180:8:180:Infinity":52,"s:180:43:180:Infinity":53,"s:182:22:182:Infinity":54,"s:183:8:187:Infinity":55,"f:193:12:193:Infinity":10,"s:197:56:201:Infinity":56,"s:202:8:202:Infinity":57,"f:208:12:208:Infinity":11,"s:212:44:212:Infinity":58,"s:213:23:213:Infinity":59,"b:215:8:217:Infinity:undefined:undefined:undefined:undefined":14,"s:215:8:217:Infinity":60,"s:216:12:216:Infinity":61,"b:219:8:221:Infinity:undefined:undefined:undefined:undefined":15,"s:219:8:221:Infinity":62,"s:220:12:220:Infinity":63,"b:223:8:225:Infinity:undefined:undefined:undefined:undefined":16,"s:223:8:225:Infinity":64,"s:224:12:224:Infinity":65,"s:227:8:227:Infinity":66,"f:230:12:230:26":12,"s:231:8:231:Infinity":67,"f:231:28:231:33":13,"s:231:33:231:56":68,"f:234:12:234:32":14,"s:235:8:235:Infinity":69,"f:235:28:235:33":15,"s:235:33:235:64":70,"f:238:12:238:25":16,"s:239:8:239:Infinity":71,"f:245:12:245:Infinity":17,"s:249:23:249:Infinity":72,"s:250:23:250:Infinity":73,"b:252:8:254:Infinity:undefined:undefined:undefined:undefined":17,"s:252:8:254:Infinity":74,"s:253:12:253:Infinity":75,"b:255:8:257:Infinity:undefined:undefined:undefined:undefined":18,"s:255:8:257:Infinity":76,"s:256:12:256:Infinity":77,"s:259:8:259:Infinity":78}}}
,"/Users/user1000/gitprojects/escacs-platform/src/lib/weather-engine/domain/entities/InspectionWindow.ts": {"path":"/Users/user1000/gitprojects/escacs-platform/src/lib/weather-engine/domain/entities/InspectionWindow.ts","statementMap":{"0":{"start":{"line":29,"column":8},"end":{"line":29,"column":null}},"1":{"start":{"line":30,"column":8},"end":{"line":30,"column":null}},"2":{"start":{"line":31,"column":8},"end":{"line":31,"column":null}},"3":{"start":{"line":32,"column":8},"end":{"line":32,"column":null}},"4":{"start":{"line":33,"column":8},"end":{"line":33,"column":null}},"5":{"start":{"line":34,"column":8},"end":{"line":34,"column":null}},"6":{"start":{"line":35,"column":8},"end":{"line":35,"column":null}},"7":{"start":{"line":36,"column":8},"end":{"line":36,"column":null}},"8":{"start":{"line":40,"column":29},"end":{"line":40,"column":null}},"9":{"start":{"line":41,"column":8},"end":{"line":41,"column":null}},"10":{"start":{"line":43,"column":8},"end":{"line":46,"column":null}},"11":{"start":{"line":50,"column":8},"end":{"line":50,"column":null}},"12":{"start":{"line":54,"column":8},"end":{"line":54,"column":null}},"13":{"start":{"line":61,"column":8},"end":{"line":61,"column":null}},"14":{"start":{"line":68,"column":8},"end":{"line":68,"column":null}},"15":{"start":{"line":75,"column":8},"end":{"line":75,"column":null}},"16":{"start":{"line":82,"column":20},"end":{"line":82,"column":null}},"17":{"start":{"line":83,"column":21},"end":{"line":83,"column":null}},"18":{"start":{"line":84,"column":8},"end":{"line":84,"column":null}},"19":{"start":{"line":91,"column":8},"end":{"line":91,"column":null}},"20":{"start":{"line":98,"column":8},"end":{"line":98,"column":null}},"21":{"start":{"line":99,"column":8},"end":{"line":99,"column":null}},"22":{"start":{"line":106,"column":8},"end":{"line":106,"column":null}}},"fnMap":{"0":{"name":"(anonymous_0)","decl":{"start":{"line":28,"column":12},"end":{"line":28,"column":24}},"loc":{"start":{"line":28,"column":54},"end":{"line":37,"column":null}},"line":28},"1":{"name":"(anonymous_1)","decl":{"start":{"line":39,"column":11},"end":{"line":39,"column":18}},"loc":{"start":{"line":39,"column":88},"end":{"line":47,"column":null}},"line":39},"2":{"name":"(anonymous_2)","decl":{"start":{"line":49,"column":8},"end":{"line":49,"column":45}},"loc":{"start":{"line":49,"column":45},"end":{"line":51,"column":null}},"line":49},"3":{"name":"(anonymous_3)","decl":{"start":{"line":53,"column":8},"end":{"line":53,"column":38}},"loc":{"start":{"line":53,"column":38},"end":{"line":55,"column":null}},"line":53},"4":{"name":"(anonymous_4)","decl":{"start":{"line":60,"column":8},"end":{"line":60,"column":25}},"loc":{"start":{"line":60,"column":25},"end":{"line":62,"column":null}},"line":60},"5":{"name":"(anonymous_5)","decl":{"start":{"line":67,"column":4},"end":{"line":67,"column":25}},"loc":{"start":{"line":67,"column":25},"end":{"line":69,"column":null}},"line":67},"6":{"name":"(anonymous_6)","decl":{"start":{"line":74,"column":4},"end":{"line":74,"column":25}},"loc":{"start":{"line":74,"column":25},"end":{"line":76,"column":null}},"line":74},"7":{"name":"(anonymous_7)","decl":{"start":{"line":81,"column":4},"end":{"line":81,"column":32}},"loc":{"start":{"line":81,"column":32},"end":{"line":85,"column":null}},"line":81},"8":{"name":"(anonymous_8)","decl":{"start":{"line":90,"column":4},"end":{"line":90,"column":32}},"loc":{"start":{"line":90,"column":32},"end":{"line":92,"column":null}},"line":90},"9":{"name":"(anonymous_9)","decl":{"start":{"line":97,"column":4},"end":{"line":97,"column":23}},"loc":{"start":{"line":97,"column":51},"end":{"line":100,"column":null}},"line":97},"10":{"name":"(anonymous_10)","decl":{"start":{"line":105,"column":4},"end":{"line":105,"column":27}},"loc":{"start":{"line":105,"column":27},"end":{"line":107,"column":null}},"line":105}},"branchMap":{"0":{"loc":{"start":{"line":35,"column":38},"end":{"line":35,"column":null}},"type":"binary-expr","locations":[{"start":{"line":35,"column":38},"end":{"line":35,"column":69}},{"start":{"line":35,"column":69},"end":{"line":35,"column":null}}],"line":35},"1":{"loc":{"start":{"line":36,"column":29},"end":{"line":36,"column":null}},"type":"binary-expr","locations":[{"start":{"line":36,"column":29},"end":{"line":36,"column":51}},{"start":{"line":36,"column":51},"end":{"line":36,"column":null}}],"line":36},"2":{"loc":{"start":{"line":75,"column":15},"end":{"line":75,"column":null}},"type":"binary-expr","locations":[{"start":{"line":75,"column":15},"end":{"line":75,"column":35}},{"start":{"line":75,"column":35},"end":{"line":75,"column":null}}],"line":75}},"s":{"0":15,"1":15,"2":15,"3":15,"4":15,"5":15,"6":15,"7":15,"8":15,"9":15,"10":15,"11":1,"12":1,"13":3,"14":5,"15":3,"16":5,"17":5,"18":5,"19":1,"20":4,"21":4,"22":1},"f":{"0":15,"1":3,"2":1,"3":1,"4":3,"5":5,"6":3,"7":5,"8":1,"9":4,"10":1},"b":{"0":[15,15],"1":[15,15],"2":[3,2]},"meta":{"lastBranch":3,"lastFunction":11,"lastStatement":23,"seen":{"f:28:12:28:24":0,"s:29:8:29:Infinity":0,"s:30:8:30:Infinity":1,"s:31:8:31:Infinity":2,"s:32:8:32:Infinity":3,"s:33:8:33:Infinity":4,"s:34:8:34:Infinity":5,"s:35:8:35:Infinity":6,"b:35:38:35:69:35:69:35:Infinity":0,"s:36:8:36:Infinity":7,"b:36:29:36:51:36:51:36:Infinity":1,"f:39:11:39:18":1,"s:40:29:40:Infinity":8,"s:41:8:41:Infinity":9,"s:43:8:46:Infinity":10,"f:49:8:49:45":2,"s:50:8:50:Infinity":11,"f:53:8:53:38":3,"s:54:8:54:Infinity":12,"f:60:8:60:25":4,"s:61:8:61:Infinity":13,"f:67:4:67:25":5,"s:68:8:68:Infinity":14,"f:74:4:74:25":6,"s:75:8:75:Infinity":15,"b:75:15:75:35:75:35:75:Infinity":2,"f:81:4:81:32":7,"s:82:20:82:Infinity":16,"s:83:21:83:Infinity":17,"s:84:8:84:Infinity":18,"f:90:4:90:32":8,"s:91:8:91:Infinity":19,"f:97:4:97:23":9,"s:98:8:98:Infinity":20,"s:99:8:99:Infinity":21,"f:105:4:105:27":10,"s:106:8:106:Infinity":22}}}
,"/Users/user1000/gitprojects/escacs-platform/src/lib/weather-engine/domain/entities/RainfallEvent.ts": {"path":"/Users/user1000/gitprojects/escacs-platform/src/lib/weather-engine/domain/entities/RainfallEvent.ts","statementMap":{"0":{"start":{"line":27,"column":8},"end":{"line":27,"column":null}},"1":{"start":{"line":28,"column":8},"end":{"line":28,"column":null}},"2":{"start":{"line":29,"column":8},"end":{"line":29,"column":null}},"3":{"start":{"line":30,"column":8},"end":{"line":30,"column":null}},"4":{"start":{"line":31,"column":8},"end":{"line":31,"column":null}},"5":{"start":{"line":32,"column":8},"end":{"line":32,"column":null}},"6":{"start":{"line":33,"column":8},"end":{"line":33,"column":null}},"7":{"start":{"line":37,"column":8},"end":{"line":39,"column":null}},"8":{"start":{"line":38,"column":12},"end":{"line":38,"column":null}},"9":{"start":{"line":40,"column":8},"end":{"line":42,"column":null}},"10":{"start":{"line":41,"column":12},"end":{"line":41,"column":null}},"11":{"start":{"line":43,"column":8},"end":{"line":43,"column":null}},"12":{"start":{"line":50,"column":8},"end":{"line":50,"column":null}},"13":{"start":{"line":57,"column":8},"end":{"line":57,"column":null}},"14":{"start":{"line":57,"column":27},"end":{"line":57,"column":null}},"15":{"start":{"line":58,"column":8},"end":{"line":58,"column":null}},"16":{"start":{"line":65,"column":8},"end":{"line":65,"column":null}}},"fnMap":{"0":{"name":"(anonymous_0)","decl":{"start":{"line":26,"column":12},"end":{"line":26,"column":24}},"loc":{"start":{"line":26,"column":51},"end":{"line":34,"column":null}},"line":26},"1":{"name":"(anonymous_1)","decl":{"start":{"line":36,"column":11},"end":{"line":36,"column":18}},"loc":{"start":{"line":36,"column":60},"end":{"line":44,"column":null}},"line":36},"2":{"name":"(anonymous_2)","decl":{"start":{"line":49,"column":4},"end":{"line":49,"column":21}},"loc":{"start":{"line":49,"column":62},"end":{"line":51,"column":null}},"line":49},"3":{"name":"(anonymous_3)","decl":{"start":{"line":56,"column":4},"end":{"line":56,"column":38}},"loc":{"start":{"line":56,"column":38},"end":{"line":59,"column":null}},"line":56},"4":{"name":"(anonymous_4)","decl":{"start":{"line":64,"column":4},"end":{"line":64,"column":25}},"loc":{"start":{"line":64,"column":25},"end":{"line":66,"column":null}},"line":64}},"branchMap":{"0":{"loc":{"start":{"line":30,"column":23},"end":{"line":30,"column":null}},"type":"binary-expr","locations":[{"start":{"line":30,"column":23},"end":{"line":30,"column":40}},{"start":{"line":30,"column":40},"end":{"line":30,"column":null}}],"line":30},"1":{"loc":{"start":{"line":37,"column":8},"end":{"line":39,"column":null}},"type":"if","locations":[{"start":{"line":37,"column":8},"end":{"line":39,"column":null}},{"start":{},"end":{}}],"line":37},"2":{"loc":{"start":{"line":40,"column":8},"end":{"line":42,"column":null}},"type":"if","locations":[{"start":{"line":40,"column":8},"end":{"line":42,"column":null}},{"start":{},"end":{}}],"line":40},"3":{"loc":{"start":{"line":57,"column":8},"end":{"line":57,"column":null}},"type":"if","locations":[{"start":{"line":57,"column":8},"end":{"line":57,"column":null}},{"start":{},"end":{}}],"line":57}},"s":{"0":7,"1":7,"2":7,"3":7,"4":7,"5":7,"6":7,"7":9,"8":1,"9":8,"10":1,"11":7,"12":2,"13":2,"14":1,"15":1,"16":2},"f":{"0":7,"1":1,"2":2,"3":2,"4":2},"b":{"0":[7,5],"1":[1,8],"2":[1,7],"3":[1,1]},"meta":{"lastBranch":4,"lastFunction":5,"lastStatement":17,"seen":{"f:26:12:26:24":0,"s:27:8:27:Infinity":0,"s:28:8:28:Infinity":1,"s:29:8:29:Infinity":2,"s:30:8:30:Infinity":3,"b:30:23:30:40:30:40:30:Infinity":0,"s:31:8:31:Infinity":4,"s:32:8:32:Infinity":5,"s:33:8:33:Infinity":6,"f:36:11:36:18":1,"b:37:8:39:Infinity:undefined:undefined:undefined:undefined":1,"s:37:8:39:Infinity":7,"s:38:12:38:Infinity":8,"b:40:8:42:Infinity:undefined:undefined:undefined:undefined":2,"s:40:8:42:Infinity":9,"s:41:12:41:Infinity":10,"s:43:8:43:Infinity":11,"f:49:4:49:21":2,"s:50:8:50:Infinity":12,"f:56:4:56:38":3,"b:57:8:57:Infinity:undefined:undefined:undefined:undefined":3,"s:57:8:57:Infinity":13,"s:57:27:57:Infinity":14,"s:58:8:58:Infinity":15,"f:64:4:64:25":4,"s:65:8:65:Infinity":16}}}
,"/Users/user1000/gitprojects/escacs-platform/src/lib/weather-engine/domain/entities/WeatherAlert.ts": {"path":"/Users/user1000/gitprojects/escacs-platform/src/lib/weather-engine/domain/entities/WeatherAlert.ts","statementMap":{"0":{"start":{"line":42,"column":8},"end":{"line":42,"column":null}},"1":{"start":{"line":43,"column":8},"end":{"line":43,"column":null}},"2":{"start":{"line":44,"column":8},"end":{"line":44,"column":null}},"3":{"start":{"line":45,"column":8},"end":{"line":45,"column":null}},"4":{"start":{"line":46,"column":8},"end":{"line":46,"column":null}},"5":{"start":{"line":47,"column":8},"end":{"line":47,"column":null}},"6":{"start":{"line":48,"column":8},"end":{"line":48,"column":null}},"7":{"start":{"line":49,"column":8},"end":{"line":49,"column":null}},"8":{"start":{"line":50,"column":8},"end":{"line":50,"column":null}},"9":{"start":{"line":51,"column":8},"end":{"line":51,"column":null}},"10":{"start":{"line":52,"column":8},"end":{"line":52,"column":null}},"11":{"start":{"line":53,"column":8},"end":{"line":53,"column":null}},"12":{"start":{"line":54,"column":8},"end":{"line":54,"column":null}},"13":{"start":{"line":58,"column":8},"end":{"line":60,"column":null}},"14":{"start":{"line":59,"column":12},"end":{"line":59,"column":null}},"15":{"start":{"line":61,"column":8},"end":{"line":63,"column":null}},"16":{"start":{"line":62,"column":12},"end":{"line":62,"column":null}},"17":{"start":{"line":64,"column":8},"end":{"line":64,"column":null}},"18":{"start":{"line":68,"column":8},"end":{"line":68,"column":null}},"19":{"start":{"line":72,"column":8},"end":{"line":72,"column":null}},"20":{"start":{"line":76,"column":8},"end":{"line":76,"column":null}},"21":{"start":{"line":83,"column":8},"end":{"line":83,"column":null}},"22":{"start":{"line":84,"column":8},"end":{"line":84,"column":null}},"23":{"start":{"line":91,"column":8},"end":{"line":91,"column":null}},"24":{"start":{"line":92,"column":8},"end":{"line":92,"column":null}},"25":{"start":{"line":99,"column":8},"end":{"line":99,"column":null}},"26":{"start":{"line":100,"column":8},"end":{"line":100,"column":null}},"27":{"start":{"line":104,"column":8},"end":{"line":104,"column":null}},"28":{"start":{"line":111,"column":8},"end":{"line":111,"column":null}}},"fnMap":{"0":{"name":"(anonymous_0)","decl":{"start":{"line":41,"column":12},"end":{"line":41,"column":24}},"loc":{"start":{"line":41,"column":50},"end":{"line":55,"column":null}},"line":41},"1":{"name":"(anonymous_1)","decl":{"start":{"line":57,"column":11},"end":{"line":57,"column":18}},"loc":{"start":{"line":57,"column":58},"end":{"line":65,"column":null}},"line":57},"2":{"name":"(anonymous_2)","decl":{"start":{"line":67,"column":8},"end":{"line":67,"column":30}},"loc":{"start":{"line":67,"column":30},"end":{"line":69,"column":null}},"line":67},"3":{"name":"(anonymous_3)","decl":{"start":{"line":71,"column":8},"end":{"line":71,"column":30}},"loc":{"start":{"line":71,"column":30},"end":{"line":73,"column":null}},"line":71},"4":{"name":"(anonymous_4)","decl":{"start":{"line":75,"column":8},"end":{"line":75,"column":35}},"loc":{"start":{"line":75,"column":35},"end":{"line":77,"column":null}},"line":75},"5":{"name":"(anonymous_5)","decl":{"start":{"line":82,"column":4},"end":{"line":82,"column":21}},"loc":{"start":{"line":82,"column":21},"end":{"line":85,"column":null}},"line":82},"6":{"name":"(anonymous_6)","decl":{"start":{"line":90,"column":4},"end":{"line":90,"column":26}},"loc":{"start":{"line":90,"column":26},"end":{"line":93,"column":null}},"line":90},"7":{"name":"(anonymous_7)","decl":{"start":{"line":98,"column":4},"end":{"line":98,"column":15}},"loc":{"start":{"line":98,"column":38},"end":{"line":101,"column":null}},"line":98},"8":{"name":"(anonymous_8)","decl":{"start":{"line":103,"column":8},"end":{"line":103,"column":39}},"loc":{"start":{"line":103,"column":39},"end":{"line":105,"column":null}},"line":103},"9":{"name":"(anonymous_9)","decl":{"start":{"line":110,"column":4},"end":{"line":110,"column":25}},"loc":{"start":{"line":110,"column":25},"end":{"line":112,"column":null}},"line":110}},"branchMap":{"0":{"loc":{"start":{"line":51,"column":23},"end":{"line":51,"column":null}},"type":"binary-expr","locations":[{"start":{"line":51,"column":23},"end":{"line":51,"column":39}},{"start":{"line":51,"column":39},"end":{"line":51,"column":null}}],"line":51},"1":{"loc":{"start":{"line":52,"column":23},"end":{"line":52,"column":null}},"type":"binary-expr","locations":[{"start":{"line":52,"column":23},"end":{"line":52,"column":39}},{"start":{"line":52,"column":39},"end":{"line":52,"column":null}}],"line":52},"2":{"loc":{"start":{"line":53,"column":28},"end":{"line":53,"column":null}},"type":"binary-expr","locations":[{"start":{"line":53,"column":28},"end":{"line":53,"column":49}},{"start":{"line":53,"column":49},"end":{"line":53,"column":null}}],"line":53},"3":{"loc":{"start":{"line":58,"column":8},"end":{"line":60,"column":null}},"type":"if","locations":[{"start":{"line":58,"column":8},"end":{"line":60,"column":null}},{"start":{},"end":{}}],"line":58},"4":{"loc":{"start":{"line":61,"column":8},"end":{"line":63,"column":null}},"type":"if","locations":[{"start":{"line":61,"column":8},"end":{"line":63,"column":null}},{"start":{},"end":{}}],"line":61},"5":{"loc":{"start":{"line":100,"column":30},"end":{"line":100,"column":null}},"type":"binary-expr","locations":[{"start":{"line":100,"column":30},"end":{"line":100,"column":40}},{"start":{"line":100,"column":40},"end":{"line":100,"column":null}}],"line":100}},"s":{"0":62,"1":62,"2":62,"3":62,"4":62,"5":62,"6":62,"7":62,"8":62,"9":62,"10":62,"11":62,"12":62,"13":64,"14":1,"15":63,"16":1,"17":62,"18":4,"19":1,"20":1,"21":3,"22":3,"23":2,"24":2,"25":3,"26":3,"27":2,"28":2},"f":{"0":62,"1":4,"2":4,"3":1,"4":1,"5":3,"6":2,"7":3,"8":2,"9":2},"b":{"0":[62,62],"1":[62,62],"2":[62,62],"3":[1,63],"4":[1,62],"5":[3,2]},"meta":{"lastBranch":6,"lastFunction":10,"lastStatement":29,"seen":{"f:41:12:41:24":0,"s:42:8:42:Infinity":0,"s:43:8:43:Infinity":1,"s:44:8:44:Infinity":2,"s:45:8:45:Infinity":3,"s:46:8:46:Infinity":4,"s:47:8:47:Infinity":5,"s:48:8:48:Infinity":6,"s:49:8:49:Infinity":7,"s:50:8:50:Infinity":8,"s:51:8:51:Infinity":9,"b:51:23:51:39:51:39:51:Infinity":0,"s:52:8:52:Infinity":10,"b:52:23:52:39:52:39:52:Infinity":1,"s:53:8:53:Infinity":11,"b:53:28:53:49:53:49:53:Infinity":2,"s:54:8:54:Infinity":12,"f:57:11:57:18":1,"b:58:8:60:Infinity:undefined:undefined:undefined:undefined":3,"s:58:8:60:Infinity":13,"s:59:12:59:Infinity":14,"b:61:8:63:Infinity:undefined:undefined:undefined:undefined":4,"s:61:8:63:Infinity":15,"s:62:12:62:Infinity":16,"s:64:8:64:Infinity":17,"f:67:8:67:30":2,"s:68:8:68:Infinity":18,"f:71:8:71:30":3,"s:72:8:72:Infinity":19,"f:75:8:75:35":4,"s:76:8:76:Infinity":20,"f:82:4:82:21":5,"s:83:8:83:Infinity":21,"s:84:8:84:Infinity":22,"f:90:4:90:26":6,"s:91:8:91:Infinity":23,"s:92:8:92:Infinity":24,"f:98:4:98:15":7,"s:99:8:99:Infinity":25,"s:100:8:100:Infinity":26,"b:100:30:100:40:100:40:100:Infinity":5,"f:103:8:103:39":8,"s:104:8:104:Infinity":27,"f:110:4:110:25":9,"s:111:8:111:Infinity":28}}}
,"/Users/user1000/gitprojects/escacs-platform/src/lib/weather-engine/domain/services/WeatherTriggerService.ts": {"path":"/Users/user1000/gitprojects/escacs-platform/src/lib/weather-engine/domain/services/WeatherTriggerService.ts","statementMap":{"0":{"start":{"line":35,"column":5},"end":{"line":41,"column":null}},"1":{"start":{"line":47,"column":8},"end":{"line":47,"column":null}},"2":{"start":{"line":58,"column":25},"end":{"line":62,"column":null}},"3":{"start":{"line":64,"column":35},"end":{"line":66,"column":null}},"4":{"start":{"line":65,"column":17},"end":{"line":65,"column":null}},"5":{"start":{"line":68,"column":8},"end":{"line":70,"column":null}},"6":{"start":{"line":69,"column":12},"end":{"line":69,"column":null}},"7":{"start":{"line":72,"column":8},"end":{"line":72,"column":null}},"8":{"start":{"line":82,"column":31},"end":{"line":82,"column":null}},"9":{"start":{"line":83,"column":29},"end":{"line":83,"column":null}},"10":{"start":{"line":83,"column":69},"end":{"line":83,"column":97}},"11":{"start":{"line":84,"column":27},"end":{"line":84,"column":null}},"12":{"start":{"line":86,"column":25},"end":{"line":86,"column":null}},"13":{"start":{"line":87,"column":23},"end":{"line":87,"column":null}},"14":{"start":{"line":89,"column":8},"end":{"line":93,"column":null}},"15":{"start":{"line":103,"column":8},"end":{"line":105,"column":null}},"16":{"start":{"line":104,"column":12},"end":{"line":104,"column":null}},"17":{"start":{"line":107,"column":8},"end":{"line":113,"column":null}},"18":{"start":{"line":120,"column":8},"end":{"line":124,"column":null}},"19":{"start":{"line":121,"column":12},"end":{"line":123,"column":null}},"20":{"start":{"line":122,"column":16},"end":{"line":122,"column":null}},"21":{"start":{"line":125,"column":8},"end":{"line":125,"column":null}},"22":{"start":{"line":137,"column":24},"end":{"line":137,"column":null}},"23":{"start":{"line":138,"column":24},"end":{"line":138,"column":null}},"24":{"start":{"line":139,"column":20},"end":{"line":139,"column":null}},"25":{"start":{"line":141,"column":8},"end":{"line":145,"column":null}},"26":{"start":{"line":158,"column":8},"end":{"line":168,"column":null}},"27":{"start":{"line":181,"column":8},"end":{"line":193,"column":null}},"28":{"start":{"line":182,"column":12},"end":{"line":192,"column":null}},"29":{"start":{"line":206,"column":8},"end":{"line":216,"column":null}},"30":{"start":{"line":220,"column":20},"end":{"line":220,"column":null}},"31":{"start":{"line":221,"column":8},"end":{"line":221,"column":null}}},"fnMap":{"0":{"name":"(anonymous_0)","decl":{"start":{"line":46,"column":4},"end":{"line":46,"column":16}},"loc":{"start":{"line":46,"column":51},"end":{"line":48,"column":null}},"line":46},"1":{"name":"(anonymous_1)","decl":{"start":{"line":53,"column":10},"end":{"line":53,"column":null}},"loc":{"start":{"line":57,"column":34},"end":{"line":73,"column":null}},"line":57},"2":{"name":"(anonymous_2)","decl":{"start":{"line":65,"column":12},"end":{"line":65,"column":17}},"loc":{"start":{"line":65,"column":17},"end":{"line":65,"column":null}},"line":65},"3":{"name":"(anonymous_3)","decl":{"start":{"line":78,"column":12},"end":{"line":78,"column":null}},"loc":{"start":{"line":81,"column":25},"end":{"line":94,"column":null}},"line":81},"4":{"name":"(anonymous_4)","decl":{"start":{"line":83,"column":64},"end":{"line":83,"column":69}},"loc":{"start":{"line":83,"column":69},"end":{"line":83,"column":97}},"line":83},"5":{"name":"(anonymous_5)","decl":{"start":{"line":99,"column":4},"end":{"line":99,"column":null}},"loc":{"start":{"line":102,"column":24},"end":{"line":114,"column":null}},"line":102},"6":{"name":"(anonymous_6)","decl":{"start":{"line":119,"column":4},"end":{"line":119,"column":22}},"loc":{"start":{"line":119,"column":89},"end":{"line":126,"column":null}},"line":119},"7":{"name":"(anonymous_7)","decl":{"start":{"line":131,"column":12},"end":{"line":131,"column":null}},"loc":{"start":{"line":136,"column":22},"end":{"line":146,"column":null}},"line":136},"8":{"name":"(anonymous_8)","decl":{"start":{"line":151,"column":12},"end":{"line":151,"column":null}},"loc":{"start":{"line":157,"column":20},"end":{"line":169,"column":null}},"line":157},"9":{"name":"(anonymous_9)","decl":{"start":{"line":174,"column":12},"end":{"line":174,"column":null}},"loc":{"start":{"line":180,"column":22},"end":{"line":194,"column":null}},"line":180},"10":{"name":"(anonymous_10)","decl":{"start":{"line":181,"column":42},"end":{"line":181,"column":null}},"loc":{"start":{"line":182,"column":12},"end":{"line":192,"column":null}},"line":182},"11":{"name":"(anonymous_11)","decl":{"start":{"line":199,"column":12},"end":{"line":199,"column":null}},"loc":{"start":{"line":205,"column":20},"end":{"line":217,"column":null}},"line":205},"12":{"name":"(anonymous_12)","decl":{"start":{"line":219,"column":12},"end":{"line":219,"column":26}},"loc":{"start":{"line":219,"column":52},"end":{"line":222,"column":null}},"line":219}},"branchMap":{"0":{"loc":{"start":{"line":68,"column":8},"end":{"line":70,"column":null}},"type":"if","locations":[{"start":{"line":68,"column":8},"end":{"line":70,"column":null}},{"start":{},"end":{}}],"line":68},"1":{"loc":{"start":{"line":103,"column":8},"end":{"line":105,"column":null}},"type":"if","locations":[{"start":{"line":103,"column":8},"end":{"line":105,"column":null}},{"start":{},"end":{}}],"line":103},"2":{"loc":{"start":{"line":121,"column":12},"end":{"line":123,"column":null}},"type":"if","locations":[{"start":{"line":121,"column":12},"end":{"line":123,"column":null}},{"start":{},"end":{}}],"line":121},"3":{"loc":{"start":{"line":121,"column":16},"end":{"line":121,"column":101}},"type":"binary-expr","locations":[{"start":{"line":121,"column":16},"end":{"line":121,"column":67}},{"start":{"line":121,"column":67},"end":{"line":121,"column":101}}],"line":121}},"s":{"0":2,"1":15,"2":9,"3":9,"4":648,"5":9,"6":1,"7":8,"8":8,"9":8,"10":20,"11":8,"12":8,"13":8,"14":8,"15":0,"16":0,"17":0,"18":14,"19":32,"20":13,"21":1,"22":8,"23":8,"24":8,"25":8,"26":8,"27":8,"28":16,"29":8,"30":8,"31":8},"f":{"0":15,"1":9,"2":648,"3":8,"4":20,"5":0,"6":14,"7":8,"8":8,"9":8,"10":16,"11":8,"12":8},"b":{"0":[1,8],"1":[0,0],"2":[13,19],"3":[32,22]},"meta":{"lastBranch":4,"lastFunction":13,"lastStatement":32,"seen":{"s:35:5:41:Infinity":0,"f:46:4:46:16":0,"s:47:8:47:Infinity":1,"f:53:10:53:Infinity":1,"s:58:25:62:Infinity":2,"s:64:35:66:Infinity":3,"f:65:12:65:17":2,"s:65:17:65:Infinity":4,"b:68:8:70:Infinity:undefined:undefined:undefined:undefined":0,"s:68:8:70:Infinity":5,"s:69:12:69:Infinity":6,"s:72:8:72:Infinity":7,"f:78:12:78:Infinity":3,"s:82:31:82:Infinity":8,"s:83:29:83:Infinity":9,"f:83:64:83:69":4,"s:83:69:83:97":10,"s:84:27:84:Infinity":11,"s:86:25:86:Infinity":12,"s:87:23:87:Infinity":13,"s:89:8:93:Infinity":14,"f:99:4:99:Infinity":5,"b:103:8:105:Infinity:undefined:undefined:undefined:undefined":1,"s:103:8:105:Infinity":15,"s:104:12:104:Infinity":16,"s:107:8:113:Infinity":17,"f:119:4:119:22":6,"s:120:8:124:Infinity":18,"b:121:12:123:Infinity:undefined:undefined:undefined:undefined":2,"s:121:12:123:Infinity":19,"b:121:16:121:67:121:67:121:101":3,"s:122:16:122:Infinity":20,"s:125:8:125:Infinity":21,"f:131:12:131:Infinity":7,"s:137:24:137:Infinity":22,"s:138:24:138:Infinity":23,"s:139:20:139:Infinity":24,"s:141:8:145:Infinity":25,"f:151:12:151:Infinity":8,"s:158:8:168:Infinity":26,"f:174:12:174:Infinity":9,"s:181:8:193:Infinity":27,"f:181:42:181:Infinity":10,"s:182:12:192:Infinity":28,"f:199:12:199:Infinity":11,"s:206:8:216:Infinity":29,"f:219:12:219:26":12,"s:220:20:220:Infinity":30,"s:221:8:221:Infinity":31}}}
,"/Users/user1000/gitprojects/escacs-platform/src/lib/weather-engine/infrastructure/MockNoaaAdapter.ts": {"path":"/Users/user1000/gitprojects/escacs-platform/src/lib/weather-engine/infrastructure/MockNoaaAdapter.ts","statementMap":{"0":{"start":{"line":10,"column":76},"end":{"line":10,"column":null}},"1":{"start":{"line":13,"column":8},"end":{"line":13,"column":null}},"2":{"start":{"line":21,"column":45},"end":{"line":21,"column":null}},"3":{"start":{"line":22,"column":20},"end":{"line":22,"column":null}},"4":{"start":{"line":24,"column":8},"end":{"line":33,"column":null}},"5":{"start":{"line":24,"column":21},"end":{"line":24,"column":24}},"6":{"start":{"line":25,"column":30},"end":{"line":25,"column":null}},"7":{"start":{"line":26,"column":12},"end":{"line":32,"column":null}},"8":{"start":{"line":35,"column":8},"end":{"line":42,"column":null}},"9":{"start":{"line":49,"column":8},"end":{"line":58,"column":null}},"10":{"start":{"line":51,"column":16},"end":{"line":51,"column":null}},"11":{"start":{"line":53,"column":16},"end":{"line":53,"column":null}},"12":{"start":{"line":55,"column":16},"end":{"line":55,"column":null}},"13":{"start":{"line":57,"column":16},"end":{"line":57,"column":null}},"14":{"start":{"line":62,"column":8},"end":{"line":62,"column":null}},"15":{"start":{"line":66,"column":8},"end":{"line":75,"column":null}},"16":{"start":{"line":68,"column":16},"end":{"line":68,"column":null}},"17":{"start":{"line":70,"column":16},"end":{"line":70,"column":null}},"18":{"start":{"line":72,"column":16},"end":{"line":72,"column":null}},"19":{"start":{"line":74,"column":16},"end":{"line":74,"column":null}}},"fnMap":{"0":{"name":"(anonymous_0)","decl":{"start":{"line":12,"column":4},"end":{"line":12,"column":20}},"loc":{"start":{"line":12,"column":85},"end":{"line":14,"column":null}},"line":12},"1":{"name":"(anonymous_1)","decl":{"start":{"line":16,"column":10},"end":{"line":16,"column":null}},"loc":{"start":{"line":20,"column":31},"end":{"line":43,"column":null}},"line":20},"2":{"name":"(anonymous_2)","decl":{"start":{"line":45,"column":10},"end":{"line":45,"column":null}},"loc":{"start":{"line":48,"column":23},"end":{"line":59,"column":null}},"line":48},"3":{"name":"(anonymous_3)","decl":{"start":{"line":61,"column":10},"end":{"line":61,"column":42}},"loc":{"start":{"line":61,"column":42},"end":{"line":63,"column":null}},"line":61},"4":{"name":"(anonymous_4)","decl":{"start":{"line":65,"column":12},"end":{"line":65,"column":29}},"loc":{"start":{"line":65,"column":59},"end":{"line":76,"column":null}},"line":65}},"branchMap":{"0":{"loc":{"start":{"line":49,"column":8},"end":{"line":58,"column":null}},"type":"switch","locations":[{"start":{"line":50,"column":12},"end":{"line":51,"column":null}},{"start":{"line":52,"column":12},"end":{"line":53,"column":null}},{"start":{"line":54,"column":12},"end":{"line":55,"column":null}},{"start":{"line":56,"column":12},"end":{"line":57,"column":null}}],"line":49},"1":{"loc":{"start":{"line":66,"column":8},"end":{"line":75,"column":null}},"type":"switch","locations":[{"start":{"line":67,"column":12},"end":{"line":68,"column":null}},{"start":{"line":69,"column":12},"end":{"line":70,"column":null}},{"start":{"line":71,"column":12},"end":{"line":72,"column":null}},{"start":{"line":73,"column":12},"end":{"line":74,"column":null}}],"line":66},"2":{"loc":{"start":{"line":70,"column":23},"end":{"line":70,"column":null}},"type":"cond-expr","locations":[{"start":{"line":70,"column":64},"end":{"line":70,"column":70}},{"start":{"line":70,"column":70},"end":{"line":70,"column":null}}],"line":70},"3":{"loc":{"start":{"line":70,"column":23},"end":{"line":70,"column":64}},"type":"binary-expr","locations":[{"start":{"line":70,"column":23},"end":{"line":70,"column":44}},{"start":{"line":70,"column":44},"end":{"line":70,"column":64}}],"line":70},"4":{"loc":{"start":{"line":72,"column":23},"end":{"line":72,"column":null}},"type":"cond-expr","locations":[{"start":{"line":72,"column":64},"end":{"line":72,"column":70}},{"start":{"line":72,"column":70},"end":{"line":72,"column":null}}],"line":72},"5":{"loc":{"start":{"line":72,"column":23},"end":{"line":72,"column":64}},"type":"binary-expr","locations":[{"start":{"line":72,"column":23},"end":{"line":72,"column":44}},{"start":{"line":72,"column":44},"end":{"line":72,"column":64}}],"line":72},"6":{"loc":{"start":{"line":74,"column":23},"end":{"line":74,"column":null}},"type":"cond-expr","locations":[{"start":{"line":74,"column":64},"end":{"line":74,"column":70}},{"start":{"line":74,"column":70},"end":{"line":74,"column":null}}],"line":74},"7":{"loc":{"start":{"line":74,"column":23},"end":{"line":74,"column":64}},"type":"binary-expr","locations":[{"start":{"line":74,"column":23},"end":{"line":74,"column":44}},{"start":{"line":74,"column":44},"end":{"line":74,"column":64}}],"line":74}},"s":{"0":15,"1":9,"2":9,"3":9,"4":9,"5":9,"6":648,"7":648,"8":9,"9":0,"10":0,"11":0,"12":0,"13":0,"14":0,"15":648,"16":72,"17":0,"18":144,"19":432},"f":{"0":9,"1":9,"2":0,"3":0,"4":648},"b":{"0":[0,0,0,0],"1":[72,0,144,432],"2":[0,0],"3":[0,0],"4":[8,136],"5":[144,138],"6":[12,420],"7":[432,414]},"meta":{"lastBranch":8,"lastFunction":5,"lastStatement":20,"seen":{"s:10:76:10:Infinity":0,"f:12:4:12:20":0,"s:13:8:13:Infinity":1,"f:16:10:16:Infinity":1,"s:21:45:21:Infinity":2,"s:22:20:22:Infinity":3,"s:24:8:33:Infinity":4,"s:24:21:24:24":5,"s:25:30:25:Infinity":6,"s:26:12:32:Infinity":7,"s:35:8:42:Infinity":8,"f:45:10:45:Infinity":2,"b:50:12:51:Infinity:52:12:53:Infinity:54:12:55:Infinity:56:12:57:Infinity":0,"s:49:8:58:Infinity":9,"s:51:16:51:Infinity":10,"s:53:16:53:Infinity":11,"s:55:16:55:Infinity":12,"s:57:16:57:Infinity":13,"f:61:10:61:42":3,"s:62:8:62:Infinity":14,"f:65:12:65:29":4,"b:67:12:68:Infinity:69:12:70:Infinity:71:12:72:Infinity:73:12:74:Infinity":1,"s:66:8:75:Infinity":15,"s:68:16:68:Infinity":16,"s:70:16:70:Infinity":17,"b:70:64:70:70:70:70:70:Infinity":2,"b:70:23:70:44:70:44:70:64":3,"s:72:16:72:Infinity":18,"b:72:64:72:70:72:70:72:Infinity":4,"b:72:23:72:44:72:44:72:64":5,"s:74:16:74:Infinity":19,"b:74:64:74:70:74:70:74:Infinity":6,"b:74:23:74:44:74:44:74:64":7}}}
}
